The target system is: Generic -  - 
The host system is: Linux - 5.15.0-139-generic - x86_64
Compiling the C compiler identification source file "CMakeCCompilerId.c" succeeded.
Compiler: /home/vvuk/.espressif/tools/xtensa-esp-elf/esp-15.1.0_20250607/xtensa-esp-elf/bin/xtensa-esp32-elf-gcc 
Build flags: -mlongcalls;-Wno-frame-address;-fno-builtin-memcpy;-fno-builtin-memset;-fno-builtin-bzero;
Id flags:  

The output was:
0


Compilation of the C compiler identification source "CMakeCCompilerId.c" produced "a.out"

The C compiler identification is GNU, found in "/home/vvuk/Workspace/EspPojects/face_detect_custom_t3/build/bootloader/CMakeFiles/3.16.3/CompilerIdC/a.out"

Compiling the CXX compiler identification source file "CMakeCXXCompilerId.cpp" succeeded.
Compiler: /home/vvuk/.espressif/tools/xtensa-esp-elf/esp-15.1.0_20250607/xtensa-esp-elf/bin/xtensa-esp32-elf-g++ 
Build flags: -mlongcalls;-Wno-frame-address;-fno-builtin-memcpy;-fno-builtin-memset;-fno-builtin-bzero;
Id flags:  

The output was:
0


Compilation of the CXX compiler identification source "CMakeCXXCompilerId.cpp" produced "a.out"

The CXX compiler identification is GNU, found in "/home/vvuk/Workspace/EspPojects/face_detect_custom_t3/build/bootloader/CMakeFiles/3.16.3/CompilerIdCXX/a.out"

Checking whether the ASM compiler is GNU using "--version" matched "(GNU assembler)|(GCC)|(Free Software Foundation)":
xtensa-esp-elf-gcc (crosstool-NG esp-15.1.0_20250607) 15.1.0
Copyright (C) 2025 Free Software Foundation, Inc.
This is free software; see the source for copying conditions.  There is NO
warranty; not even for MERCHANTABILITY or FITNESS FOR A PARTICULAR PURPOSE.

Determining if the C compiler works passed with the following output:
Change Dir: /home/vvuk/Workspace/EspPojects/face_detect_custom_t3/build/bootloader/CMakeFiles/CMakeTmp

Run Build Command(s):/usr/bin/ninja cmTC_9103e && [1/2] Building C object CMakeFiles/cmTC_9103e.dir/testCCompiler.c.obj
[2/2] Linking C executable cmTC_9103e
/home/vvuk/.espressif/tools/xtensa-esp-elf/esp-15.1.0_20250607/xtensa-esp-elf/bin/../lib/gcc/xtensa-esp-elf/15.1.0/../../../../xtensa-esp-elf/bin/ld: warning: cannot find entry symbol _start; defaulting to 00400054



Detecting C compiler ABI info compiled with the following output:
Change Dir: /home/vvuk/Workspace/EspPojects/face_detect_custom_t3/build/bootloader/CMakeFiles/CMakeTmp

Run Build Command(s):/usr/bin/ninja cmTC_7f39a && [1/2] Building C object CMakeFiles/cmTC_7f39a.dir/CMakeCCompilerABI.c.obj
Using built-in specs.
COLLECT_GCC=/home/vvuk/.espressif/tools/xtensa-esp-elf/esp-15.1.0_20250607/xtensa-esp-elf/bin/xtensa-esp-elf-gcc
Target: xtensa-esp-elf
Configured with: /builds/idf/crosstool-NG/.build/xtensa-esp-elf/src/gcc/configure --build=x86_64-build_pc-linux-gnu --host=x86_64-build_pc-linux-gnu --target=xtensa-esp-elf --prefix=/builds/idf/crosstool-NG/builds/xtensa-esp-elf --exec_prefix=/builds/idf/crosstool-NG/builds/xtensa-esp-elf --with-local-prefix=/builds/idf/crosstool-NG/builds/xtensa-esp-elf/xtensa-esp-elf --with-sysroot=/builds/idf/crosstool-NG/builds/xtensa-esp-elf/xtensa-esp-elf --with-native-system-header-dir=/include --with-headers=/builds/idf/crosstool-NG/builds/xtensa-esp-elf/xtensa-esp-elf/include --with-newlib --enable-threads=no --disable-shared --with-pkgversion='crosstool-NG esp-15.1.0_20250607' --disable-__cxa_atexit --enable-cxx-flags='-ffunction-sections -fdata-sections' --disable-libgomp --disable-libmudflap --disable-libmpx --disable-libssp --disable-libquadmath --disable-libquadmath-support --disable-libstdcxx-verbose --with-gmp=/builds/idf/crosstool-NG/.build/xtensa-esp-elf/buildtools --with-mpfr=/builds/idf/crosstool-NG/.build/xtensa-esp-elf/buildtools --with-mpc=/builds/idf/crosstool-NG/.build/xtensa-esp-elf/buildtools --with-isl=/builds/idf/crosstool-NG/.build/xtensa-esp-elf/buildtools --enable-lto --enable-target-optspace --without-long-double-128 --enable-plugin --disable-nls --enable-multiarch --enable-languages=c,c++ --disable-libstdcxx-verbose --enable-threads=posix --enable-libstdcxx-time=yes --disable-win32-utf8-manifest
Thread model: posix
Supported LTO compression algorithms: zlib zstd
gcc version 15.1.0 (crosstool-NG esp-15.1.0_20250607) 
COLLECT_GCC_OPTIONS='-mdynconfig=xtensa_esp32.so' '-mlongcalls' '-Wno-frame-address' '-fno-builtin-memcpy' '-fno-builtin-memset' '-fno-builtin-bzero' '-v' '-o' 'CMakeFiles/cmTC_7f39a.dir/CMakeCCompilerABI.c.obj' '-c' '-dumpdir' 'CMakeFiles/cmTC_7f39a.dir/'
 /home/vvuk/.espressif/tools/xtensa-esp-elf/esp-15.1.0_20250607/xtensa-esp-elf/bin/../libexec/gcc/xtensa-esp-elf/15.1.0/cc1 -quiet -v -imultilib esp32 -iprefix /home/vvuk/.espressif/tools/xtensa-esp-elf/esp-15.1.0_20250607/xtensa-esp-elf/bin/../lib/gcc/xtensa-esp-elf/15.1.0/ -isysroot /home/vvuk/.espressif/tools/xtensa-esp-elf/esp-15.1.0_20250607/xtensa-esp-elf/bin/../xtensa-esp-elf /usr/share/cmake-3.16/Modules/CMakeCCompilerABI.c -quiet -dumpdir CMakeFiles/cmTC_7f39a.dir/ -dumpbase CMakeCCompilerABI.c.c -dumpbase-ext .c -mdynconfig=xtensa_esp32.so -mlongcalls -Wno-frame-address -version -fno-builtin-memcpy -fno-builtin-memset -fno-builtin-bzero -o /tmp/ccRBB8H6.s
GNU C23 (crosstool-NG esp-15.1.0_20250607) version 15.1.0 (xtensa-esp-elf)
	compiled by GNU C version 6.3.0, GMP version 6.3.0, MPFR version 4.2.1, MPC version 1.3.1, isl version isl-0.26-GMP

GGC heuristics: --param ggc-min-expand=100 --param ggc-min-heapsize=131072
ignoring duplicate directory "/home/vvuk/.espressif/tools/xtensa-esp-elf/esp-15.1.0_20250607/xtensa-esp-elf/bin/../lib/gcc/../../lib/gcc/xtensa-esp-elf/15.1.0/include"
ignoring nonexistent directory "/home/vvuk/.espressif/tools/xtensa-esp-elf/esp-15.1.0_20250607/xtensa-esp-elf/bin/../xtensa-esp-elf/builds/idf/crosstool-NG/builds/xtensa-esp-elf/xtensa-esp-elf/include"
ignoring duplicate directory "/home/vvuk/.espressif/tools/xtensa-esp-elf/esp-15.1.0_20250607/xtensa-esp-elf/bin/../lib/gcc/../../lib/gcc/xtensa-esp-elf/15.1.0/include-fixed"
ignoring duplicate directory "/home/vvuk/.espressif/tools/xtensa-esp-elf/esp-15.1.0_20250607/xtensa-esp-elf/bin/../lib/gcc/../../lib/gcc/xtensa-esp-elf/15.1.0/../../../../xtensa-esp-elf/include"
ignoring duplicate directory "/home/vvuk/.espressif/tools/xtensa-esp-elf/esp-15.1.0_20250607/xtensa-esp-elf/bin/../xtensa-esp-elf/include"
#include "..." search starts here:
#include <...> search starts here:
 /home/vvuk/.espressif/tools/xtensa-esp-elf/esp-15.1.0_20250607/xtensa-esp-elf/bin/../lib/gcc/xtensa-esp-elf/15.1.0/include
 /home/vvuk/.espressif/tools/xtensa-esp-elf/esp-15.1.0_20250607/xtensa-esp-elf/bin/../lib/gcc/xtensa-esp-elf/15.1.0/include-fixed
 /home/vvuk/.espressif/tools/xtensa-esp-elf/esp-15.1.0_20250607/xtensa-esp-elf/bin/../lib/gcc/xtensa-esp-elf/15.1.0/../../../../xtensa-esp-elf/include
End of search list.
Compiler executable checksum: b8af796b165ddbed35358e5506fa35de
COLLECT_GCC_OPTIONS='-mdynconfig=xtensa_esp32.so' '-mlongcalls' '-Wno-frame-address' '-fno-builtin-memcpy' '-fno-builtin-memset' '-fno-builtin-bzero' '-v' '-o' 'CMakeFiles/cmTC_7f39a.dir/CMakeCCompilerABI.c.obj' '-c' '-dumpdir' 'CMakeFiles/cmTC_7f39a.dir/'
 /home/vvuk/.espressif/tools/xtensa-esp-elf/esp-15.1.0_20250607/xtensa-esp-elf/bin/../lib/gcc/xtensa-esp-elf/15.1.0/../../../../xtensa-esp-elf/bin/as --traditional-format --longcalls --dynconfig=xtensa_esp32.so -o CMakeFiles/cmTC_7f39a.dir/CMakeCCompilerABI.c.obj /tmp/ccRBB8H6.s
COMPILER_PATH=/home/vvuk/.espressif/tools/xtensa-esp-elf/esp-15.1.0_20250607/xtensa-esp-elf/bin/../libexec/gcc/xtensa-esp-elf/15.1.0/:/home/vvuk/.espressif/tools/xtensa-esp-elf/esp-15.1.0_20250607/xtensa-esp-elf/bin/../libexec/gcc/:/home/vvuk/.espressif/tools/xtensa-esp-elf/esp-15.1.0_20250607/xtensa-esp-elf/bin/../lib/gcc/xtensa-esp-elf/15.1.0/../../../../xtensa-esp-elf/bin/
LIBRARY_PATH=/home/vvuk/.espressif/tools/xtensa-esp-elf/esp-15.1.0_20250607/xtensa-esp-elf/bin/../lib/gcc/xtensa-esp-elf/15.1.0/esp32/:/home/vvuk/.espressif/tools/xtensa-esp-elf/esp-15.1.0_20250607/xtensa-esp-elf/bin/../lib/gcc/xtensa-esp-elf/15.1.0/../../../../xtensa-esp-elf/lib/esp32/:/home/vvuk/.espressif/tools/xtensa-esp-elf/esp-15.1.0_20250607/xtensa-esp-elf/bin/../xtensa-esp-elf/lib/esp32/:/home/vvuk/.espressif/tools/xtensa-esp-elf/esp-15.1.0_20250607/xtensa-esp-elf/bin/../lib/gcc/xtensa-esp-elf/15.1.0/:/home/vvuk/.espressif/tools/xtensa-esp-elf/esp-15.1.0_20250607/xtensa-esp-elf/bin/../lib/gcc/:/home/vvuk/.espressif/tools/xtensa-esp-elf/esp-15.1.0_20250607/xtensa-esp-elf/bin/../lib/gcc/xtensa-esp-elf/15.1.0/../../../../xtensa-esp-elf/lib/:/home/vvuk/.espressif/tools/xtensa-esp-elf/esp-15.1.0_20250607/xtensa-esp-elf/bin/../xtensa-esp-elf/lib/:/home/vvuk/.espressif/tools/xtensa-esp-elf/esp-15.1.0_20250607/xtensa-esp-elf/bin/../xtensa-esp-elf/usr/lib/
COLLECT_GCC_OPTIONS='-mdynconfig=xtensa_esp32.so' '-mlongcalls' '-Wno-frame-address' '-fno-builtin-memcpy' '-fno-builtin-memset' '-fno-builtin-bzero' '-v' '-o' 'CMakeFiles/cmTC_7f39a.dir/CMakeCCompilerABI.c.obj' '-c' '-dumpdir' 'CMakeFiles/cmTC_7f39a.dir/CMakeCCompilerABI.c.'
[2/2] Linking C executable cmTC_7f39a
Using built-in specs.
COLLECT_GCC=/home/vvuk/.espressif/tools/xtensa-esp-elf/esp-15.1.0_20250607/xtensa-esp-elf/bin/xtensa-esp-elf-gcc
COLLECT_LTO_WRAPPER=/home/vvuk/.espressif/tools/xtensa-esp-elf/esp-15.1.0_20250607/xtensa-esp-elf/bin/../libexec/gcc/xtensa-esp-elf/15.1.0/lto-wrapper
Target: xtensa-esp-elf
Configured with: /builds/idf/crosstool-NG/.build/xtensa-esp-elf/src/gcc/configure --build=x86_64-build_pc-linux-gnu --host=x86_64-build_pc-linux-gnu --target=xtensa-esp-elf --prefix=/builds/idf/crosstool-NG/builds/xtensa-esp-elf --exec_prefix=/builds/idf/crosstool-NG/builds/xtensa-esp-elf --with-local-prefix=/builds/idf/crosstool-NG/builds/xtensa-esp-elf/xtensa-esp-elf --with-sysroot=/builds/idf/crosstool-NG/builds/xtensa-esp-elf/xtensa-esp-elf --with-native-system-header-dir=/include --with-headers=/builds/idf/crosstool-NG/builds/xtensa-esp-elf/xtensa-esp-elf/include --with-newlib --enable-threads=no --disable-shared --with-pkgversion='crosstool-NG esp-15.1.0_20250607' --disable-__cxa_atexit --enable-cxx-flags='-ffunction-sections -fdata-sections' --disable-libgomp --disable-libmudflap --disable-libmpx --disable-libssp --disable-libquadmath --disable-libquadmath-support --disable-libstdcxx-verbose --with-gmp=/builds/idf/crosstool-NG/.build/xtensa-esp-elf/buildtools --with-mpfr=/builds/idf/crosstool-NG/.build/xtensa-esp-elf/buildtools --with-mpc=/builds/idf/crosstool-NG/.build/xtensa-esp-elf/buildtools --with-isl=/builds/idf/crosstool-NG/.build/xtensa-esp-elf/buildtools --enable-lto --enable-target-optspace --without-long-double-128 --enable-plugin --disable-nls --enable-multiarch --enable-languages=c,c++ --disable-libstdcxx-verbose --enable-threads=posix --enable-libstdcxx-time=yes --disable-win32-utf8-manifest
Thread model: posix
Supported LTO compression algorithms: zlib zstd
gcc version 15.1.0 (crosstool-NG esp-15.1.0_20250607) 
COMPILER_PATH=/home/vvuk/.espressif/tools/xtensa-esp-elf/esp-15.1.0_20250607/xtensa-esp-elf/bin/../libexec/gcc/xtensa-esp-elf/15.1.0/:/home/vvuk/.espressif/tools/xtensa-esp-elf/esp-15.1.0_20250607/xtensa-esp-elf/bin/../libexec/gcc/:/home/vvuk/.espressif/tools/xtensa-esp-elf/esp-15.1.0_20250607/xtensa-esp-elf/bin/../lib/gcc/xtensa-esp-elf/15.1.0/../../../../xtensa-esp-elf/bin/
LIBRARY_PATH=/home/vvuk/.espressif/tools/xtensa-esp-elf/esp-15.1.0_20250607/xtensa-esp-elf/bin/../lib/gcc/xtensa-esp-elf/15.1.0/esp32/:/home/vvuk/.espressif/tools/xtensa-esp-elf/esp-15.1.0_20250607/xtensa-esp-elf/bin/../lib/gcc/xtensa-esp-elf/15.1.0/../../../../xtensa-esp-elf/lib/esp32/:/home/vvuk/.espressif/tools/xtensa-esp-elf/esp-15.1.0_20250607/xtensa-esp-elf/bin/../xtensa-esp-elf/lib/esp32/:/home/vvuk/.espressif/tools/xtensa-esp-elf/esp-15.1.0_20250607/xtensa-esp-elf/bin/../lib/gcc/xtensa-esp-elf/15.1.0/:/home/vvuk/.espressif/tools/xtensa-esp-elf/esp-15.1.0_20250607/xtensa-esp-elf/bin/../lib/gcc/:/home/vvuk/.espressif/tools/xtensa-esp-elf/esp-15.1.0_20250607/xtensa-esp-elf/bin/../lib/gcc/xtensa-esp-elf/15.1.0/../../../../xtensa-esp-elf/lib/:/home/vvuk/.espressif/tools/xtensa-esp-elf/esp-15.1.0_20250607/xtensa-esp-elf/bin/../xtensa-esp-elf/lib/:/home/vvuk/.espressif/tools/xtensa-esp-elf/esp-15.1.0_20250607/xtensa-esp-elf/bin/../xtensa-esp-elf/usr/lib/
COLLECT_GCC_OPTIONS='-mdynconfig=xtensa_esp32.so' '-mlongcalls' '-Wno-frame-address' '-fno-builtin-memcpy' '-fno-builtin-memset' '-fno-builtin-bzero' '-nostartfiles' '-v' '-o' 'cmTC_7f39a' '-dumpdir' 'cmTC_7f39a.'
 /home/vvuk/.espressif/tools/xtensa-esp-elf/esp-15.1.0_20250607/xtensa-esp-elf/bin/../libexec/gcc/xtensa-esp-elf/15.1.0/collect2 -plugin /home/vvuk/.espressif/tools/xtensa-esp-elf/esp-15.1.0_20250607/xtensa-esp-elf/bin/../libexec/gcc/xtensa-esp-elf/15.1.0/liblto_plugin.so -plugin-opt=/home/vvuk/.espressif/tools/xtensa-esp-elf/esp-15.1.0_20250607/xtensa-esp-elf/bin/../libexec/gcc/xtensa-esp-elf/15.1.0/lto-wrapper -plugin-opt=-fresolution=/tmp/ccJoKgrG.res -plugin-opt=-pass-through=-lgcc -plugin-opt=-pass-through=-lc -plugin-opt=-pass-through=-lnosys -plugin-opt=-pass-through=-lc -plugin-opt=-pass-through=-lgcc --sysroot=/home/vvuk/.espressif/tools/xtensa-esp-elf/esp-15.1.0_20250607/xtensa-esp-elf/bin/../xtensa-esp-elf --dynconfig=xtensa_esp32.so -o cmTC_7f39a -L/home/vvuk/.espressif/tools/xtensa-esp-elf/esp-15.1.0_20250607/xtensa-esp-elf/bin/../lib/gcc/xtensa-esp-elf/15.1.0/esp32 -L/home/vvuk/.espressif/tools/xtensa-esp-elf/esp-15.1.0_20250607/xtensa-esp-elf/bin/../lib/gcc/xtensa-esp-elf/15.1.0/../../../../xtensa-esp-elf/lib/esp32 -L/home/vvuk/.espressif/tools/xtensa-esp-elf/esp-15.1.0_20250607/xtensa-esp-elf/bin/../xtensa-esp-elf/lib/esp32 -L/home/vvuk/.espressif/tools/xtensa-esp-elf/esp-15.1.0_20250607/xtensa-esp-elf/bin/../lib/gcc/xtensa-esp-elf/15.1.0 -L/home/vvuk/.espressif/tools/xtensa-esp-elf/esp-15.1.0_20250607/xtensa-esp-elf/bin/../lib/gcc -L/home/vvuk/.espressif/tools/xtensa-esp-elf/esp-15.1.0_20250607/xtensa-esp-elf/bin/../lib/gcc/xtensa-esp-elf/15.1.0/../../../../xtensa-esp-elf/lib -L/home/vvuk/.espressif/tools/xtensa-esp-elf/esp-15.1.0_20250607/xtensa-esp-elf/bin/../xtensa-esp-elf/lib -L/home/vvuk/.espressif/tools/xtensa-esp-elf/esp-15.1.0_20250607/xtensa-esp-elf/bin/../xtensa-esp-elf/usr/lib CMakeFiles/cmTC_7f39a.dir/CMakeCCompilerABI.c.obj -lgcc -lc -lnosys -lc -lgcc
/home/vvuk/.espressif/tools/xtensa-esp-elf/esp-15.1.0_20250607/xtensa-esp-elf/bin/../lib/gcc/xtensa-esp-elf/15.1.0/../../../../xtensa-esp-elf/bin/ld: warning: cannot find entry symbol _start; defaulting to 00400054
COLLECT_GCC_OPTIONS='-mdynconfig=xtensa_esp32.so' '-mlongcalls' '-Wno-frame-address' '-fno-builtin-memcpy' '-fno-builtin-memset' '-fno-builtin-bzero' '-nostartfiles' '-v' '-o' 'cmTC_7f39a' '-dumpdir' 'cmTC_7f39a.'



Parsed C implicit include dir info from above output: rv=done
  found start of include info
  found start of implicit include info
    add: [/home/vvuk/.espressif/tools/xtensa-esp-elf/esp-15.1.0_20250607/xtensa-esp-elf/bin/../lib/gcc/xtensa-esp-elf/15.1.0/include]
    add: [/home/vvuk/.espressif/tools/xtensa-esp-elf/esp-15.1.0_20250607/xtensa-esp-elf/bin/../lib/gcc/xtensa-esp-elf/15.1.0/include-fixed]
    add: [/home/vvuk/.espressif/tools/xtensa-esp-elf/esp-15.1.0_20250607/xtensa-esp-elf/bin/../lib/gcc/xtensa-esp-elf/15.1.0/../../../../xtensa-esp-elf/include]
  end of search list found
  collapse include dir [/home/vvuk/.espressif/tools/xtensa-esp-elf/esp-15.1.0_20250607/xtensa-esp-elf/bin/../lib/gcc/xtensa-esp-elf/15.1.0/include] ==> [/home/vvuk/.espressif/tools/xtensa-esp-elf/esp-15.1.0_20250607/xtensa-esp-elf/lib/gcc/xtensa-esp-elf/15.1.0/include]
  collapse include dir [/home/vvuk/.espressif/tools/xtensa-esp-elf/esp-15.1.0_20250607/xtensa-esp-elf/bin/../lib/gcc/xtensa-esp-elf/15.1.0/include-fixed] ==> [/home/vvuk/.espressif/tools/xtensa-esp-elf/esp-15.1.0_20250607/xtensa-esp-elf/lib/gcc/xtensa-esp-elf/15.1.0/include-fixed]
  collapse include dir [/home/vvuk/.espressif/tools/xtensa-esp-elf/esp-15.1.0_20250607/xtensa-esp-elf/bin/../lib/gcc/xtensa-esp-elf/15.1.0/../../../../xtensa-esp-elf/include] ==> [/home/vvuk/.espressif/tools/xtensa-esp-elf/esp-15.1.0_20250607/xtensa-esp-elf/xtensa-esp-elf/include]
  implicit include dirs: [/home/vvuk/.espressif/tools/xtensa-esp-elf/esp-15.1.0_20250607/xtensa-esp-elf/lib/gcc/xtensa-esp-elf/15.1.0/include;/home/vvuk/.espressif/tools/xtensa-esp-elf/esp-15.1.0_20250607/xtensa-esp-elf/lib/gcc/xtensa-esp-elf/15.1.0/include-fixed;/home/vvuk/.espressif/tools/xtensa-esp-elf/esp-15.1.0_20250607/xtensa-esp-elf/xtensa-esp-elf/include]


Parsed C implicit link information from above output:
  link line regex: [^( *|.*[/\])(xtensa-esp32-elf-ld|CMAKE_LINK_STARTFILE-NOTFOUND|([^/\]+-)?ld|collect2)[^/\]*( |$)]
  ignore line: [Change Dir: /home/vvuk/Workspace/EspPojects/face_detect_custom_t3/build/bootloader/CMakeFiles/CMakeTmp]
  ignore line: []
  ignore line: [Run Build Command(s):/usr/bin/ninja cmTC_7f39a && [1/2] Building C object CMakeFiles/cmTC_7f39a.dir/CMakeCCompilerABI.c.obj]
  ignore line: [Using built-in specs.]
  ignore line: [COLLECT_GCC=/home/vvuk/.espressif/tools/xtensa-esp-elf/esp-15.1.0_20250607/xtensa-esp-elf/bin/xtensa-esp-elf-gcc]
  ignore line: [Target: xtensa-esp-elf]
  ignore line: [Configured with: /builds/idf/crosstool-NG/.build/xtensa-esp-elf/src/gcc/configure --build=x86_64-build_pc-linux-gnu --host=x86_64-build_pc-linux-gnu --target=xtensa-esp-elf --prefix=/builds/idf/crosstool-NG/builds/xtensa-esp-elf --exec_prefix=/builds/idf/crosstool-NG/builds/xtensa-esp-elf --with-local-prefix=/builds/idf/crosstool-NG/builds/xtensa-esp-elf/xtensa-esp-elf --with-sysroot=/builds/idf/crosstool-NG/builds/xtensa-esp-elf/xtensa-esp-elf --with-native-system-header-dir=/include --with-headers=/builds/idf/crosstool-NG/builds/xtensa-esp-elf/xtensa-esp-elf/include --with-newlib --enable-threads=no --disable-shared --with-pkgversion='crosstool-NG esp-15.1.0_20250607' --disable-__cxa_atexit --enable-cxx-flags='-ffunction-sections -fdata-sections' --disable-libgomp --disable-libmudflap --disable-libmpx --disable-libssp --disable-libquadmath --disable-libquadmath-support --disable-libstdcxx-verbose --with-gmp=/builds/idf/crosstool-NG/.build/xtensa-esp-elf/buildtools --with-mpfr=/builds/idf/crosstool-NG/.build/xtensa-esp-elf/buildtools --with-mpc=/builds/idf/crosstool-NG/.build/xtensa-esp-elf/buildtools --with-isl=/builds/idf/crosstool-NG/.build/xtensa-esp-elf/buildtools --enable-lto --enable-target-optspace --without-long-double-128 --enable-plugin --disable-nls --enable-multiarch --enable-languages=c c++ --disable-libstdcxx-verbose --enable-threads=posix --enable-libstdcxx-time=yes --disable-win32-utf8-manifest]
  ignore line: [Thread model: posix]
  ignore line: [Supported LTO compression algorithms: zlib zstd]
  ignore line: [gcc version 15.1.0 (crosstool-NG esp-15.1.0_20250607) ]
  ignore line: [COLLECT_GCC_OPTIONS='-mdynconfig=xtensa_esp32.so' '-mlongcalls' '-Wno-frame-address' '-fno-builtin-memcpy' '-fno-builtin-memset' '-fno-builtin-bzero' '-v' '-o' 'CMakeFiles/cmTC_7f39a.dir/CMakeCCompilerABI.c.obj' '-c' '-dumpdir' 'CMakeFiles/cmTC_7f39a.dir/']
  ignore line: [ /home/vvuk/.espressif/tools/xtensa-esp-elf/esp-15.1.0_20250607/xtensa-esp-elf/bin/../libexec/gcc/xtensa-esp-elf/15.1.0/cc1 -quiet -v -imultilib esp32 -iprefix /home/vvuk/.espressif/tools/xtensa-esp-elf/esp-15.1.0_20250607/xtensa-esp-elf/bin/../lib/gcc/xtensa-esp-elf/15.1.0/ -isysroot /home/vvuk/.espressif/tools/xtensa-esp-elf/esp-15.1.0_20250607/xtensa-esp-elf/bin/../xtensa-esp-elf /usr/share/cmake-3.16/Modules/CMakeCCompilerABI.c -quiet -dumpdir CMakeFiles/cmTC_7f39a.dir/ -dumpbase CMakeCCompilerABI.c.c -dumpbase-ext .c -mdynconfig=xtensa_esp32.so -mlongcalls -Wno-frame-address -version -fno-builtin-memcpy -fno-builtin-memset -fno-builtin-bzero -o /tmp/ccRBB8H6.s]
  ignore line: [GNU C23 (crosstool-NG esp-15.1.0_20250607) version 15.1.0 (xtensa-esp-elf)]
  ignore line: [	compiled by GNU C version 6.3.0  GMP version 6.3.0  MPFR version 4.2.1  MPC version 1.3.1  isl version isl-0.26-GMP]
  ignore line: []
  ignore line: [GGC heuristics: --param ggc-min-expand=100 --param ggc-min-heapsize=131072]
  ignore line: [ignoring duplicate directory "/home/vvuk/.espressif/tools/xtensa-esp-elf/esp-15.1.0_20250607/xtensa-esp-elf/bin/../lib/gcc/../../lib/gcc/xtensa-esp-elf/15.1.0/include"]
  ignore line: [ignoring nonexistent directory "/home/vvuk/.espressif/tools/xtensa-esp-elf/esp-15.1.0_20250607/xtensa-esp-elf/bin/../xtensa-esp-elf/builds/idf/crosstool-NG/builds/xtensa-esp-elf/xtensa-esp-elf/include"]
  ignore line: [ignoring duplicate directory "/home/vvuk/.espressif/tools/xtensa-esp-elf/esp-15.1.0_20250607/xtensa-esp-elf/bin/../lib/gcc/../../lib/gcc/xtensa-esp-elf/15.1.0/include-fixed"]
  ignore line: [ignoring duplicate directory "/home/vvuk/.espressif/tools/xtensa-esp-elf/esp-15.1.0_20250607/xtensa-esp-elf/bin/../lib/gcc/../../lib/gcc/xtensa-esp-elf/15.1.0/../../../../xtensa-esp-elf/include"]
  ignore line: [ignoring duplicate directory "/home/vvuk/.espressif/tools/xtensa-esp-elf/esp-15.1.0_20250607/xtensa-esp-elf/bin/../xtensa-esp-elf/include"]
  ignore line: [#include "..." search starts here:]
  ignore line: [#include <...> search starts here:]
  ignore line: [ /home/vvuk/.espressif/tools/xtensa-esp-elf/esp-15.1.0_20250607/xtensa-esp-elf/bin/../lib/gcc/xtensa-esp-elf/15.1.0/include]
  ignore line: [ /home/vvuk/.espressif/tools/xtensa-esp-elf/esp-15.1.0_20250607/xtensa-esp-elf/bin/../lib/gcc/xtensa-esp-elf/15.1.0/include-fixed]
  ignore line: [ /home/vvuk/.espressif/tools/xtensa-esp-elf/esp-15.1.0_20250607/xtensa-esp-elf/bin/../lib/gcc/xtensa-esp-elf/15.1.0/../../../../xtensa-esp-elf/include]
  ignore line: [End of search list.]
  ignore line: [Compiler executable checksum: b8af796b165ddbed35358e5506fa35de]
  ignore line: [COLLECT_GCC_OPTIONS='-mdynconfig=xtensa_esp32.so' '-mlongcalls' '-Wno-frame-address' '-fno-builtin-memcpy' '-fno-builtin-memset' '-fno-builtin-bzero' '-v' '-o' 'CMakeFiles/cmTC_7f39a.dir/CMakeCCompilerABI.c.obj' '-c' '-dumpdir' 'CMakeFiles/cmTC_7f39a.dir/']
  ignore line: [ /home/vvuk/.espressif/tools/xtensa-esp-elf/esp-15.1.0_20250607/xtensa-esp-elf/bin/../lib/gcc/xtensa-esp-elf/15.1.0/../../../../xtensa-esp-elf/bin/as --traditional-format --longcalls --dynconfig=xtensa_esp32.so -o CMakeFiles/cmTC_7f39a.dir/CMakeCCompilerABI.c.obj /tmp/ccRBB8H6.s]
  ignore line: [COMPILER_PATH=/home/vvuk/.espressif/tools/xtensa-esp-elf/esp-15.1.0_20250607/xtensa-esp-elf/bin/../libexec/gcc/xtensa-esp-elf/15.1.0/:/home/vvuk/.espressif/tools/xtensa-esp-elf/esp-15.1.0_20250607/xtensa-esp-elf/bin/../libexec/gcc/:/home/vvuk/.espressif/tools/xtensa-esp-elf/esp-15.1.0_20250607/xtensa-esp-elf/bin/../lib/gcc/xtensa-esp-elf/15.1.0/../../../../xtensa-esp-elf/bin/]
  ignore line: [LIBRARY_PATH=/home/vvuk/.espressif/tools/xtensa-esp-elf/esp-15.1.0_20250607/xtensa-esp-elf/bin/../lib/gcc/xtensa-esp-elf/15.1.0/esp32/:/home/vvuk/.espressif/tools/xtensa-esp-elf/esp-15.1.0_20250607/xtensa-esp-elf/bin/../lib/gcc/xtensa-esp-elf/15.1.0/../../../../xtensa-esp-elf/lib/esp32/:/home/vvuk/.espressif/tools/xtensa-esp-elf/esp-15.1.0_20250607/xtensa-esp-elf/bin/../xtensa-esp-elf/lib/esp32/:/home/vvuk/.espressif/tools/xtensa-esp-elf/esp-15.1.0_20250607/xtensa-esp-elf/bin/../lib/gcc/xtensa-esp-elf/15.1.0/:/home/vvuk/.espressif/tools/xtensa-esp-elf/esp-15.1.0_20250607/xtensa-esp-elf/bin/../lib/gcc/:/home/vvuk/.espressif/tools/xtensa-esp-elf/esp-15.1.0_20250607/xtensa-esp-elf/bin/../lib/gcc/xtensa-esp-elf/15.1.0/../../../../xtensa-esp-elf/lib/:/home/vvuk/.espressif/tools/xtensa-esp-elf/esp-15.1.0_20250607/xtensa-esp-elf/bin/../xtensa-esp-elf/lib/:/home/vvuk/.espressif/tools/xtensa-esp-elf/esp-15.1.0_20250607/xtensa-esp-elf/bin/../xtensa-esp-elf/usr/lib/]
  ignore line: [COLLECT_GCC_OPTIONS='-mdynconfig=xtensa_esp32.so' '-mlongcalls' '-Wno-frame-address' '-fno-builtin-memcpy' '-fno-builtin-memset' '-fno-builtin-bzero' '-v' '-o' 'CMakeFiles/cmTC_7f39a.dir/CMakeCCompilerABI.c.obj' '-c' '-dumpdir' 'CMakeFiles/cmTC_7f39a.dir/CMakeCCompilerABI.c.']
  ignore line: [[2/2] Linking C executable cmTC_7f39a]
  ignore line: [Using built-in specs.]
  ignore line: [COLLECT_GCC=/home/vvuk/.espressif/tools/xtensa-esp-elf/esp-15.1.0_20250607/xtensa-esp-elf/bin/xtensa-esp-elf-gcc]
  ignore line: [COLLECT_LTO_WRAPPER=/home/vvuk/.espressif/tools/xtensa-esp-elf/esp-15.1.0_20250607/xtensa-esp-elf/bin/../libexec/gcc/xtensa-esp-elf/15.1.0/lto-wrapper]
  ignore line: [Target: xtensa-esp-elf]
  ignore line: [Configured with: /builds/idf/crosstool-NG/.build/xtensa-esp-elf/src/gcc/configure --build=x86_64-build_pc-linux-gnu --host=x86_64-build_pc-linux-gnu --target=xtensa-esp-elf --prefix=/builds/idf/crosstool-NG/builds/xtensa-esp-elf --exec_prefix=/builds/idf/crosstool-NG/builds/xtensa-esp-elf --with-local-prefix=/builds/idf/crosstool-NG/builds/xtensa-esp-elf/xtensa-esp-elf --with-sysroot=/builds/idf/crosstool-NG/builds/xtensa-esp-elf/xtensa-esp-elf --with-native-system-header-dir=/include --with-headers=/builds/idf/crosstool-NG/builds/xtensa-esp-elf/xtensa-esp-elf/include --with-newlib --enable-threads=no --disable-shared --with-pkgversion='crosstool-NG esp-15.1.0_20250607' --disable-__cxa_atexit --enable-cxx-flags='-ffunction-sections -fdata-sections' --disable-libgomp --disable-libmudflap --disable-libmpx --disable-libssp --disable-libquadmath --disable-libquadmath-support --disable-libstdcxx-verbose --with-gmp=/builds/idf/crosstool-NG/.build/xtensa-esp-elf/buildtools --with-mpfr=/builds/idf/crosstool-NG/.build/xtensa-esp-elf/buildtools --with-mpc=/builds/idf/crosstool-NG/.build/xtensa-esp-elf/buildtools --with-isl=/builds/idf/crosstool-NG/.build/xtensa-esp-elf/buildtools --enable-lto --enable-target-optspace --without-long-double-128 --enable-plugin --disable-nls --enable-multiarch --enable-languages=c c++ --disable-libstdcxx-verbose --enable-threads=posix --enable-libstdcxx-time=yes --disable-win32-utf8-manifest]
  ignore line: [Thread model: posix]
  ignore line: [Supported LTO compression algorithms: zlib zstd]
  ignore line: [gcc version 15.1.0 (crosstool-NG esp-15.1.0_20250607) ]
  ignore line: [COMPILER_PATH=/home/vvuk/.espressif/tools/xtensa-esp-elf/esp-15.1.0_20250607/xtensa-esp-elf/bin/../libexec/gcc/xtensa-esp-elf/15.1.0/:/home/vvuk/.espressif/tools/xtensa-esp-elf/esp-15.1.0_20250607/xtensa-esp-elf/bin/../libexec/gcc/:/home/vvuk/.espressif/tools/xtensa-esp-elf/esp-15.1.0_20250607/xtensa-esp-elf/bin/../lib/gcc/xtensa-esp-elf/15.1.0/../../../../xtensa-esp-elf/bin/]
  ignore line: [LIBRARY_PATH=/home/vvuk/.espressif/tools/xtensa-esp-elf/esp-15.1.0_20250607/xtensa-esp-elf/bin/../lib/gcc/xtensa-esp-elf/15.1.0/esp32/:/home/vvuk/.espressif/tools/xtensa-esp-elf/esp-15.1.0_20250607/xtensa-esp-elf/bin/../lib/gcc/xtensa-esp-elf/15.1.0/../../../../xtensa-esp-elf/lib/esp32/:/home/vvuk/.espressif/tools/xtensa-esp-elf/esp-15.1.0_20250607/xtensa-esp-elf/bin/../xtensa-esp-elf/lib/esp32/:/home/vvuk/.espressif/tools/xtensa-esp-elf/esp-15.1.0_20250607/xtensa-esp-elf/bin/../lib/gcc/xtensa-esp-elf/15.1.0/:/home/vvuk/.espressif/tools/xtensa-esp-elf/esp-15.1.0_20250607/xtensa-esp-elf/bin/../lib/gcc/:/home/vvuk/.espressif/tools/xtensa-esp-elf/esp-15.1.0_20250607/xtensa-esp-elf/bin/../lib/gcc/xtensa-esp-elf/15.1.0/../../../../xtensa-esp-elf/lib/:/home/vvuk/.espressif/tools/xtensa-esp-elf/esp-15.1.0_20250607/xtensa-esp-elf/bin/../xtensa-esp-elf/lib/:/home/vvuk/.espressif/tools/xtensa-esp-elf/esp-15.1.0_20250607/xtensa-esp-elf/bin/../xtensa-esp-elf/usr/lib/]
  ignore line: [COLLECT_GCC_OPTIONS='-mdynconfig=xtensa_esp32.so' '-mlongcalls' '-Wno-frame-address' '-fno-builtin-memcpy' '-fno-builtin-memset' '-fno-builtin-bzero' '-nostartfiles' '-v' '-o' 'cmTC_7f39a' '-dumpdir' 'cmTC_7f39a.']
  link line: [ /home/vvuk/.espressif/tools/xtensa-esp-elf/esp-15.1.0_20250607/xtensa-esp-elf/bin/../libexec/gcc/xtensa-esp-elf/15.1.0/collect2 -plugin /home/vvuk/.espressif/tools/xtensa-esp-elf/esp-15.1.0_20250607/xtensa-esp-elf/bin/../libexec/gcc/xtensa-esp-elf/15.1.0/liblto_plugin.so -plugin-opt=/home/vvuk/.espressif/tools/xtensa-esp-elf/esp-15.1.0_20250607/xtensa-esp-elf/bin/../libexec/gcc/xtensa-esp-elf/15.1.0/lto-wrapper -plugin-opt=-fresolution=/tmp/ccJoKgrG.res -plugin-opt=-pass-through=-lgcc -plugin-opt=-pass-through=-lc -plugin-opt=-pass-through=-lnosys -plugin-opt=-pass-through=-lc -plugin-opt=-pass-through=-lgcc --sysroot=/home/vvuk/.espressif/tools/xtensa-esp-elf/esp-15.1.0_20250607/xtensa-esp-elf/bin/../xtensa-esp-elf --dynconfig=xtensa_esp32.so -o cmTC_7f39a -L/home/vvuk/.espressif/tools/xtensa-esp-elf/esp-15.1.0_20250607/xtensa-esp-elf/bin/../lib/gcc/xtensa-esp-elf/15.1.0/esp32 -L/home/vvuk/.espressif/tools/xtensa-esp-elf/esp-15.1.0_20250607/xtensa-esp-elf/bin/../lib/gcc/xtensa-esp-elf/15.1.0/../../../../xtensa-esp-elf/lib/esp32 -L/home/vvuk/.espressif/tools/xtensa-esp-elf/esp-15.1.0_20250607/xtensa-esp-elf/bin/../xtensa-esp-elf/lib/esp32 -L/home/vvuk/.espressif/tools/xtensa-esp-elf/esp-15.1.0_20250607/xtensa-esp-elf/bin/../lib/gcc/xtensa-esp-elf/15.1.0 -L/home/vvuk/.espressif/tools/xtensa-esp-elf/esp-15.1.0_20250607/xtensa-esp-elf/bin/../lib/gcc -L/home/vvuk/.espressif/tools/xtensa-esp-elf/esp-15.1.0_20250607/xtensa-esp-elf/bin/../lib/gcc/xtensa-esp-elf/15.1.0/../../../../xtensa-esp-elf/lib -L/home/vvuk/.espressif/tools/xtensa-esp-elf/esp-15.1.0_20250607/xtensa-esp-elf/bin/../xtensa-esp-elf/lib -L/home/vvuk/.espressif/tools/xtensa-esp-elf/esp-15.1.0_20250607/xtensa-esp-elf/bin/../xtensa-esp-elf/usr/lib CMakeFiles/cmTC_7f39a.dir/CMakeCCompilerABI.c.obj -lgcc -lc -lnosys -lc -lgcc]
    arg [/home/vvuk/.espressif/tools/xtensa-esp-elf/esp-15.1.0_20250607/xtensa-esp-elf/bin/../libexec/gcc/xtensa-esp-elf/15.1.0/collect2] ==> ignore
    arg [-plugin] ==> ignore
    arg [/home/vvuk/.espressif/tools/xtensa-esp-elf/esp-15.1.0_20250607/xtensa-esp-elf/bin/../libexec/gcc/xtensa-esp-elf/15.1.0/liblto_plugin.so] ==> ignore
    arg [-plugin-opt=/home/vvuk/.espressif/tools/xtensa-esp-elf/esp-15.1.0_20250607/xtensa-esp-elf/bin/../libexec/gcc/xtensa-esp-elf/15.1.0/lto-wrapper] ==> ignore
    arg [-plugin-opt=-fresolution=/tmp/ccJoKgrG.res] ==> ignore
    arg [-plugin-opt=-pass-through=-lgcc] ==> ignore
    arg [-plugin-opt=-pass-through=-lc] ==> ignore
    arg [-plugin-opt=-pass-through=-lnosys] ==> ignore
    arg [-plugin-opt=-pass-through=-lc] ==> ignore
    arg [-plugin-opt=-pass-through=-lgcc] ==> ignore
    arg [--sysroot=/home/vvuk/.espressif/tools/xtensa-esp-elf/esp-15.1.0_20250607/xtensa-esp-elf/bin/../xtensa-esp-elf] ==> ignore
    arg [--dynconfig=xtensa_esp32.so] ==> ignore
    arg [-o] ==> ignore
    arg [cmTC_7f39a] ==> ignore
    arg [-L/home/vvuk/.espressif/tools/xtensa-esp-elf/esp-15.1.0_20250607/xtensa-esp-elf/bin/../lib/gcc/xtensa-esp-elf/15.1.0/esp32] ==> dir [/home/vvuk/.espressif/tools/xtensa-esp-elf/esp-15.1.0_20250607/xtensa-esp-elf/bin/../lib/gcc/xtensa-esp-elf/15.1.0/esp32]
    arg [-L/home/vvuk/.espressif/tools/xtensa-esp-elf/esp-15.1.0_20250607/xtensa-esp-elf/bin/../lib/gcc/xtensa-esp-elf/15.1.0/../../../../xtensa-esp-elf/lib/esp32] ==> dir [/home/vvuk/.espressif/tools/xtensa-esp-elf/esp-15.1.0_20250607/xtensa-esp-elf/bin/../lib/gcc/xtensa-esp-elf/15.1.0/../../../../xtensa-esp-elf/lib/esp32]
    arg [-L/home/vvuk/.espressif/tools/xtensa-esp-elf/esp-15.1.0_20250607/xtensa-esp-elf/bin/../xtensa-esp-elf/lib/esp32] ==> dir [/home/vvuk/.espressif/tools/xtensa-esp-elf/esp-15.1.0_20250607/xtensa-esp-elf/bin/../xtensa-esp-elf/lib/esp32]
    arg [-L/home/vvuk/.espressif/tools/xtensa-esp-elf/esp-15.1.0_20250607/xtensa-esp-elf/bin/../lib/gcc/xtensa-esp-elf/15.1.0] ==> dir [/home/vvuk/.espressif/tools/xtensa-esp-elf/esp-15.1.0_20250607/xtensa-esp-elf/bin/../lib/gcc/xtensa-esp-elf/15.1.0]
    arg [-L/home/vvuk/.espressif/tools/xtensa-esp-elf/esp-15.1.0_20250607/xtensa-esp-elf/bin/../lib/gcc] ==> dir [/home/vvuk/.espressif/tools/xtensa-esp-elf/esp-15.1.0_20250607/xtensa-esp-elf/bin/../lib/gcc]
    arg [-L/home/vvuk/.espressif/tools/xtensa-esp-elf/esp-15.1.0_20250607/xtensa-esp-elf/bin/../lib/gcc/xtensa-esp-elf/15.1.0/../../../../xtensa-esp-elf/lib] ==> dir [/home/vvuk/.espressif/tools/xtensa-esp-elf/esp-15.1.0_20250607/xtensa-esp-elf/bin/../lib/gcc/xtensa-esp-elf/15.1.0/../../../../xtensa-esp-elf/lib]
    arg [-L/home/vvuk/.espressif/tools/xtensa-esp-elf/esp-15.1.0_20250607/xtensa-esp-elf/bin/../xtensa-esp-elf/lib] ==> dir [/home/vvuk/.espressif/tools/xtensa-esp-elf/esp-15.1.0_20250607/xtensa-esp-elf/bin/../xtensa-esp-elf/lib]
    arg [-L/home/vvuk/.espressif/tools/xtensa-esp-elf/esp-15.1.0_20250607/xtensa-esp-elf/bin/../xtensa-esp-elf/usr/lib] ==> dir [/home/vvuk/.espressif/tools/xtensa-esp-elf/esp-15.1.0_20250607/xtensa-esp-elf/bin/../xtensa-esp-elf/usr/lib]
    arg [CMakeFiles/cmTC_7f39a.dir/CMakeCCompilerABI.c.obj] ==> ignore
    arg [-lgcc] ==> lib [gcc]
    arg [-lc] ==> lib [c]
    arg [-lnosys] ==> lib [nosys]
    arg [-lc] ==> lib [c]
    arg [-lgcc] ==> lib [gcc]
  collapse library dir [/home/vvuk/.espressif/tools/xtensa-esp-elf/esp-15.1.0_20250607/xtensa-esp-elf/bin/../lib/gcc/xtensa-esp-elf/15.1.0/esp32] ==> [/home/vvuk/.espressif/tools/xtensa-esp-elf/esp-15.1.0_20250607/xtensa-esp-elf/lib/gcc/xtensa-esp-elf/15.1.0/esp32]
  collapse library dir [/home/vvuk/.espressif/tools/xtensa-esp-elf/esp-15.1.0_20250607/xtensa-esp-elf/bin/../lib/gcc/xtensa-esp-elf/15.1.0/../../../../xtensa-esp-elf/lib/esp32] ==> [/home/vvuk/.espressif/tools/xtensa-esp-elf/esp-15.1.0_20250607/xtensa-esp-elf/xtensa-esp-elf/lib/esp32]
  collapse library dir [/home/vvuk/.espressif/tools/xtensa-esp-elf/esp-15.1.0_20250607/xtensa-esp-elf/bin/../xtensa-esp-elf/lib/esp32] ==> [/home/vvuk/.espressif/tools/xtensa-esp-elf/esp-15.1.0_20250607/xtensa-esp-elf/xtensa-esp-elf/lib/esp32]
  collapse library dir [/home/vvuk/.espressif/tools/xtensa-esp-elf/esp-15.1.0_20250607/xtensa-esp-elf/bin/../lib/gcc/xtensa-esp-elf/15.1.0] ==> [/home/vvuk/.espressif/tools/xtensa-esp-elf/esp-15.1.0_20250607/xtensa-esp-elf/lib/gcc/xtensa-esp-elf/15.1.0]
  collapse library dir [/home/vvuk/.espressif/tools/xtensa-esp-elf/esp-15.1.0_20250607/xtensa-esp-elf/bin/../lib/gcc] ==> [/home/vvuk/.espressif/tools/xtensa-esp-elf/esp-15.1.0_20250607/xtensa-esp-elf/lib/gcc]
  collapse library dir [/home/vvuk/.espressif/tools/xtensa-esp-elf/esp-15.1.0_20250607/xtensa-esp-elf/bin/../lib/gcc/xtensa-esp-elf/15.1.0/../../../../xtensa-esp-elf/lib] ==> [/home/vvuk/.espressif/tools/xtensa-esp-elf/esp-15.1.0_20250607/xtensa-esp-elf/xtensa-esp-elf/lib]
  collapse library dir [/home/vvuk/.espressif/tools/xtensa-esp-elf/esp-15.1.0_20250607/xtensa-esp-elf/bin/../xtensa-esp-elf/lib] ==> [/home/vvuk/.espressif/tools/xtensa-esp-elf/esp-15.1.0_20250607/xtensa-esp-elf/xtensa-esp-elf/lib]
  collapse library dir [/home/vvuk/.espressif/tools/xtensa-esp-elf/esp-15.1.0_20250607/xtensa-esp-elf/bin/../xtensa-esp-elf/usr/lib] ==> [/home/vvuk/.espressif/tools/xtensa-esp-elf/esp-15.1.0_20250607/xtensa-esp-elf/xtensa-esp-elf/usr/lib]
  implicit libs: [gcc;c;nosys;c;gcc]
  implicit dirs: [/home/vvuk/.espressif/tools/xtensa-esp-elf/esp-15.1.0_20250607/xtensa-esp-elf/lib/gcc/xtensa-esp-elf/15.1.0/esp32;/home/vvuk/.espressif/tools/xtensa-esp-elf/esp-15.1.0_20250607/xtensa-esp-elf/xtensa-esp-elf/lib/esp32;/home/vvuk/.espressif/tools/xtensa-esp-elf/esp-15.1.0_20250607/xtensa-esp-elf/lib/gcc/xtensa-esp-elf/15.1.0;/home/vvuk/.espressif/tools/xtensa-esp-elf/esp-15.1.0_20250607/xtensa-esp-elf/lib/gcc;/home/vvuk/.espressif/tools/xtensa-esp-elf/esp-15.1.0_20250607/xtensa-esp-elf/xtensa-esp-elf/lib;/home/vvuk/.espressif/tools/xtensa-esp-elf/esp-15.1.0_20250607/xtensa-esp-elf/xtensa-esp-elf/usr/lib]
  implicit fwks: []


Determining if the CXX compiler works passed with the following output:
Change Dir: /home/vvuk/Workspace/EspPojects/face_detect_custom_t3/build/bootloader/CMakeFiles/CMakeTmp

Run Build Command(s):/usr/bin/ninja cmTC_a803a && [1/2] Building CXX object CMakeFiles/cmTC_a803a.dir/testCXXCompiler.cxx.obj
[2/2] Linking CXX executable cmTC_a803a
/home/vvuk/.espressif/tools/xtensa-esp-elf/esp-15.1.0_20250607/xtensa-esp-elf/bin/../lib/gcc/xtensa-esp-elf/15.1.0/../../../../xtensa-esp-elf/bin/ld: warning: cannot find entry symbol _start; defaulting to 00400054



Detecting CXX compiler ABI info compiled with the following output:
Change Dir: /home/vvuk/Workspace/EspPojects/face_detect_custom_t3/build/bootloader/CMakeFiles/CMakeTmp

Run Build Command(s):/usr/bin/ninja cmTC_4a964 && [1/2] Building CXX object CMakeFiles/cmTC_4a964.dir/CMakeCXXCompilerABI.cpp.obj
Using built-in specs.
COLLECT_GCC=/home/vvuk/.espressif/tools/xtensa-esp-elf/esp-15.1.0_20250607/xtensa-esp-elf/bin/xtensa-esp-elf-g++
Target: xtensa-esp-elf
Configured with: /builds/idf/crosstool-NG/.build/xtensa-esp-elf/src/gcc/configure --build=x86_64-build_pc-linux-gnu --host=x86_64-build_pc-linux-gnu --target=xtensa-esp-elf --prefix=/builds/idf/crosstool-NG/builds/xtensa-esp-elf --exec_prefix=/builds/idf/crosstool-NG/builds/xtensa-esp-elf --with-local-prefix=/builds/idf/crosstool-NG/builds/xtensa-esp-elf/xtensa-esp-elf --with-sysroot=/builds/idf/crosstool-NG/builds/xtensa-esp-elf/xtensa-esp-elf --with-native-system-header-dir=/include --with-headers=/builds/idf/crosstool-NG/builds/xtensa-esp-elf/xtensa-esp-elf/include --with-newlib --enable-threads=no --disable-shared --with-pkgversion='crosstool-NG esp-15.1.0_20250607' --disable-__cxa_atexit --enable-cxx-flags='-ffunction-sections -fdata-sections' --disable-libgomp --disable-libmudflap --disable-libmpx --disable-libssp --disable-libquadmath --disable-libquadmath-support --disable-libstdcxx-verbose --with-gmp=/builds/idf/crosstool-NG/.build/xtensa-esp-elf/buildtools --with-mpfr=/builds/idf/crosstool-NG/.build/xtensa-esp-elf/buildtools --with-mpc=/builds/idf/crosstool-NG/.build/xtensa-esp-elf/buildtools --with-isl=/builds/idf/crosstool-NG/.build/xtensa-esp-elf/buildtools --enable-lto --enable-target-optspace --without-long-double-128 --enable-plugin --disable-nls --enable-multiarch --enable-languages=c,c++ --disable-libstdcxx-verbose --enable-threads=posix --enable-libstdcxx-time=yes --disable-win32-utf8-manifest
Thread model: posix
Supported LTO compression algorithms: zlib zstd
gcc version 15.1.0 (crosstool-NG esp-15.1.0_20250607) 
COLLECT_GCC_OPTIONS='-mdynconfig=xtensa_esp32.so' '-mlongcalls' '-Wno-frame-address' '-fno-builtin-memcpy' '-fno-builtin-memset' '-fno-builtin-bzero' '-v' '-o' 'CMakeFiles/cmTC_4a964.dir/CMakeCXXCompilerABI.cpp.obj' '-c' '-dumpdir' 'CMakeFiles/cmTC_4a964.dir/'
 /home/vvuk/.espressif/tools/xtensa-esp-elf/esp-15.1.0_20250607/xtensa-esp-elf/bin/../libexec/gcc/xtensa-esp-elf/15.1.0/cc1plus -quiet -v -imultilib esp32 -iprefix /home/vvuk/.espressif/tools/xtensa-esp-elf/esp-15.1.0_20250607/xtensa-esp-elf/bin/../lib/gcc/xtensa-esp-elf/15.1.0/ -isysroot /home/vvuk/.espressif/tools/xtensa-esp-elf/esp-15.1.0_20250607/xtensa-esp-elf/bin/../xtensa-esp-elf /usr/share/cmake-3.16/Modules/CMakeCXXCompilerABI.cpp -quiet -dumpdir CMakeFiles/cmTC_4a964.dir/ -dumpbase CMakeCXXCompilerABI.cpp.cpp -dumpbase-ext .cpp -mdynconfig=xtensa_esp32.so -mlongcalls -Wno-frame-address -version -fno-builtin-memcpy -fno-builtin-memset -fno-builtin-bzero -o /tmp/cc58VFF0.s
GNU C++17 (crosstool-NG esp-15.1.0_20250607) version 15.1.0 (xtensa-esp-elf)
	compiled by GNU C version 6.3.0, GMP version 6.3.0, MPFR version 4.2.1, MPC version 1.3.1, isl version isl-0.26-GMP

GGC heuristics: --param ggc-min-expand=100 --param ggc-min-heapsize=131072
ignoring duplicate directory "/home/vvuk/.espressif/tools/xtensa-esp-elf/esp-15.1.0_20250607/xtensa-esp-elf/bin/../lib/gcc/../../lib/gcc/xtensa-esp-elf/15.1.0/../../../../xtensa-esp-elf/include/c++/15.1.0"
ignoring duplicate directory "/home/vvuk/.espressif/tools/xtensa-esp-elf/esp-15.1.0_20250607/xtensa-esp-elf/bin/../lib/gcc/../../lib/gcc/xtensa-esp-elf/15.1.0/../../../../xtensa-esp-elf/include/c++/15.1.0/xtensa-esp-elf/esp32"
ignoring duplicate directory "/home/vvuk/.espressif/tools/xtensa-esp-elf/esp-15.1.0_20250607/xtensa-esp-elf/bin/../lib/gcc/../../lib/gcc/xtensa-esp-elf/15.1.0/../../../../xtensa-esp-elf/include/c++/15.1.0/backward"
ignoring duplicate directory "/home/vvuk/.espressif/tools/xtensa-esp-elf/esp-15.1.0_20250607/xtensa-esp-elf/bin/../lib/gcc/../../lib/gcc/xtensa-esp-elf/15.1.0/include"
ignoring nonexistent directory "/home/vvuk/.espressif/tools/xtensa-esp-elf/esp-15.1.0_20250607/xtensa-esp-elf/bin/../xtensa-esp-elf/builds/idf/crosstool-NG/builds/xtensa-esp-elf/xtensa-esp-elf/include"
ignoring duplicate directory "/home/vvuk/.espressif/tools/xtensa-esp-elf/esp-15.1.0_20250607/xtensa-esp-elf/bin/../lib/gcc/../../lib/gcc/xtensa-esp-elf/15.1.0/include-fixed"
ignoring duplicate directory "/home/vvuk/.espressif/tools/xtensa-esp-elf/esp-15.1.0_20250607/xtensa-esp-elf/bin/../lib/gcc/../../lib/gcc/xtensa-esp-elf/15.1.0/../../../../xtensa-esp-elf/include"
ignoring duplicate directory "/home/vvuk/.espressif/tools/xtensa-esp-elf/esp-15.1.0_20250607/xtensa-esp-elf/bin/../xtensa-esp-elf/include"
#include "..." search starts here:
#include <...> search starts here:
 /home/vvuk/.espressif/tools/xtensa-esp-elf/esp-15.1.0_20250607/xtensa-esp-elf/bin/../lib/gcc/xtensa-esp-elf/15.1.0/../../../../xtensa-esp-elf/include/c++/15.1.0
 /home/vvuk/.espressif/tools/xtensa-esp-elf/esp-15.1.0_20250607/xtensa-esp-elf/bin/../lib/gcc/xtensa-esp-elf/15.1.0/../../../../xtensa-esp-elf/include/c++/15.1.0/xtensa-esp-elf/esp32
 /home/vvuk/.espressif/tools/xtensa-esp-elf/esp-15.1.0_20250607/xtensa-esp-elf/bin/../lib/gcc/xtensa-esp-elf/15.1.0/../../../../xtensa-esp-elf/include/c++/15.1.0/backward
 /home/vvuk/.espressif/tools/xtensa-esp-elf/esp-15.1.0_20250607/xtensa-esp-elf/bin/../lib/gcc/xtensa-esp-elf/15.1.0/include
 /home/vvuk/.espressif/tools/xtensa-esp-elf/esp-15.1.0_20250607/xtensa-esp-elf/bin/../lib/gcc/xtensa-esp-elf/15.1.0/include-fixed
 /home/vvuk/.espressif/tools/xtensa-esp-elf/esp-15.1.0_20250607/xtensa-esp-elf/bin/../lib/gcc/xtensa-esp-elf/15.1.0/../../../../xtensa-esp-elf/include
End of search list.
Compiler executable checksum: b46bbfed52bc55587dc25f5acedaf452
COLLECT_GCC_OPTIONS='-mdynconfig=xtensa_esp32.so' '-mlongcalls' '-Wno-frame-address' '-fno-builtin-memcpy' '-fno-builtin-memset' '-fno-builtin-bzero' '-v' '-o' 'CMakeFiles/cmTC_4a964.dir/CMakeCXXCompilerABI.cpp.obj' '-c' '-dumpdir' 'CMakeFiles/cmTC_4a964.dir/'
 /home/vvuk/.espressif/tools/xtensa-esp-elf/esp-15.1.0_20250607/xtensa-esp-elf/bin/../lib/gcc/xtensa-esp-elf/15.1.0/../../../../xtensa-esp-elf/bin/as --traditional-format --longcalls --dynconfig=xtensa_esp32.so -o CMakeFiles/cmTC_4a964.dir/CMakeCXXCompilerABI.cpp.obj /tmp/cc58VFF0.s
COMPILER_PATH=/home/vvuk/.espressif/tools/xtensa-esp-elf/esp-15.1.0_20250607/xtensa-esp-elf/bin/../libexec/gcc/xtensa-esp-elf/15.1.0/:/home/vvuk/.espressif/tools/xtensa-esp-elf/esp-15.1.0_20250607/xtensa-esp-elf/bin/../libexec/gcc/:/home/vvuk/.espressif/tools/xtensa-esp-elf/esp-15.1.0_20250607/xtensa-esp-elf/bin/../lib/gcc/xtensa-esp-elf/15.1.0/../../../../xtensa-esp-elf/bin/
LIBRARY_PATH=/home/vvuk/.espressif/tools/xtensa-esp-elf/esp-15.1.0_20250607/xtensa-esp-elf/bin/../lib/gcc/xtensa-esp-elf/15.1.0/esp32/:/home/vvuk/.espressif/tools/xtensa-esp-elf/esp-15.1.0_20250607/xtensa-esp-elf/bin/../lib/gcc/xtensa-esp-elf/15.1.0/../../../../xtensa-esp-elf/lib/esp32/:/home/vvuk/.espressif/tools/xtensa-esp-elf/esp-15.1.0_20250607/xtensa-esp-elf/bin/../xtensa-esp-elf/lib/esp32/:/home/vvuk/.espressif/tools/xtensa-esp-elf/esp-15.1.0_20250607/xtensa-esp-elf/bin/../lib/gcc/xtensa-esp-elf/15.1.0/:/home/vvuk/.espressif/tools/xtensa-esp-elf/esp-15.1.0_20250607/xtensa-esp-elf/bin/../lib/gcc/:/home/vvuk/.espressif/tools/xtensa-esp-elf/esp-15.1.0_20250607/xtensa-esp-elf/bin/../lib/gcc/xtensa-esp-elf/15.1.0/../../../../xtensa-esp-elf/lib/:/home/vvuk/.espressif/tools/xtensa-esp-elf/esp-15.1.0_20250607/xtensa-esp-elf/bin/../xtensa-esp-elf/lib/:/home/vvuk/.espressif/tools/xtensa-esp-elf/esp-15.1.0_20250607/xtensa-esp-elf/bin/../xtensa-esp-elf/usr/lib/
COLLECT_GCC_OPTIONS='-mdynconfig=xtensa_esp32.so' '-mlongcalls' '-Wno-frame-address' '-fno-builtin-memcpy' '-fno-builtin-memset' '-fno-builtin-bzero' '-v' '-o' 'CMakeFiles/cmTC_4a964.dir/CMakeCXXCompilerABI.cpp.obj' '-c' '-dumpdir' 'CMakeFiles/cmTC_4a964.dir/CMakeCXXCompilerABI.cpp.'
[2/2] Linking CXX executable cmTC_4a964
Using built-in specs.
COLLECT_GCC=/home/vvuk/.espressif/tools/xtensa-esp-elf/esp-15.1.0_20250607/xtensa-esp-elf/bin/xtensa-esp-elf-g++
COLLECT_LTO_WRAPPER=/home/vvuk/.espressif/tools/xtensa-esp-elf/esp-15.1.0_20250607/xtensa-esp-elf/bin/../libexec/gcc/xtensa-esp-elf/15.1.0/lto-wrapper
Target: xtensa-esp-elf
Configured with: /builds/idf/crosstool-NG/.build/xtensa-esp-elf/src/gcc/configure --build=x86_64-build_pc-linux-gnu --host=x86_64-build_pc-linux-gnu --target=xtensa-esp-elf --prefix=/builds/idf/crosstool-NG/builds/xtensa-esp-elf --exec_prefix=/builds/idf/crosstool-NG/builds/xtensa-esp-elf --with-local-prefix=/builds/idf/crosstool-NG/builds/xtensa-esp-elf/xtensa-esp-elf --with-sysroot=/builds/idf/crosstool-NG/builds/xtensa-esp-elf/xtensa-esp-elf --with-native-system-header-dir=/include --with-headers=/builds/idf/crosstool-NG/builds/xtensa-esp-elf/xtensa-esp-elf/include --with-newlib --enable-threads=no --disable-shared --with-pkgversion='crosstool-NG esp-15.1.0_20250607' --disable-__cxa_atexit --enable-cxx-flags='-ffunction-sections -fdata-sections' --disable-libgomp --disable-libmudflap --disable-libmpx --disable-libssp --disable-libquadmath --disable-libquadmath-support --disable-libstdcxx-verbose --with-gmp=/builds/idf/crosstool-NG/.build/xtensa-esp-elf/buildtools --with-mpfr=/builds/idf/crosstool-NG/.build/xtensa-esp-elf/buildtools --with-mpc=/builds/idf/crosstool-NG/.build/xtensa-esp-elf/buildtools --with-isl=/builds/idf/crosstool-NG/.build/xtensa-esp-elf/buildtools --enable-lto --enable-target-optspace --without-long-double-128 --enable-plugin --disable-nls --enable-multiarch --enable-languages=c,c++ --disable-libstdcxx-verbose --enable-threads=posix --enable-libstdcxx-time=yes --disable-win32-utf8-manifest
Thread model: posix
Supported LTO compression algorithms: zlib zstd
gcc version 15.1.0 (crosstool-NG esp-15.1.0_20250607) 
COMPILER_PATH=/home/vvuk/.espressif/tools/xtensa-esp-elf/esp-15.1.0_20250607/xtensa-esp-elf/bin/../libexec/gcc/xtensa-esp-elf/15.1.0/:/home/vvuk/.espressif/tools/xtensa-esp-elf/esp-15.1.0_20250607/xtensa-esp-elf/bin/../libexec/gcc/:/home/vvuk/.espressif/tools/xtensa-esp-elf/esp-15.1.0_20250607/xtensa-esp-elf/bin/../lib/gcc/xtensa-esp-elf/15.1.0/../../../../xtensa-esp-elf/bin/
LIBRARY_PATH=/home/vvuk/.espressif/tools/xtensa-esp-elf/esp-15.1.0_20250607/xtensa-esp-elf/bin/../lib/gcc/xtensa-esp-elf/15.1.0/esp32/:/home/vvuk/.espressif/tools/xtensa-esp-elf/esp-15.1.0_20250607/xtensa-esp-elf/bin/../lib/gcc/xtensa-esp-elf/15.1.0/../../../../xtensa-esp-elf/lib/esp32/:/home/vvuk/.espressif/tools/xtensa-esp-elf/esp-15.1.0_20250607/xtensa-esp-elf/bin/../xtensa-esp-elf/lib/esp32/:/home/vvuk/.espressif/tools/xtensa-esp-elf/esp-15.1.0_20250607/xtensa-esp-elf/bin/../lib/gcc/xtensa-esp-elf/15.1.0/:/home/vvuk/.espressif/tools/xtensa-esp-elf/esp-15.1.0_20250607/xtensa-esp-elf/bin/../lib/gcc/:/home/vvuk/.espressif/tools/xtensa-esp-elf/esp-15.1.0_20250607/xtensa-esp-elf/bin/../lib/gcc/xtensa-esp-elf/15.1.0/../../../../xtensa-esp-elf/lib/:/home/vvuk/.espressif/tools/xtensa-esp-elf/esp-15.1.0_20250607/xtensa-esp-elf/bin/../xtensa-esp-elf/lib/:/home/vvuk/.espressif/tools/xtensa-esp-elf/esp-15.1.0_20250607/xtensa-esp-elf/bin/../xtensa-esp-elf/usr/lib/
COLLECT_GCC_OPTIONS='-mdynconfig=xtensa_esp32.so' '-mlongcalls' '-Wno-frame-address' '-fno-builtin-memcpy' '-fno-builtin-memset' '-fno-builtin-bzero' '-nostartfiles' '-v' '-o' 'cmTC_4a964' '-dumpdir' 'cmTC_4a964.'
 /home/vvuk/.espressif/tools/xtensa-esp-elf/esp-15.1.0_20250607/xtensa-esp-elf/bin/../libexec/gcc/xtensa-esp-elf/15.1.0/collect2 -plugin /home/vvuk/.espressif/tools/xtensa-esp-elf/esp-15.1.0_20250607/xtensa-esp-elf/bin/../libexec/gcc/xtensa-esp-elf/15.1.0/liblto_plugin.so -plugin-opt=/home/vvuk/.espressif/tools/xtensa-esp-elf/esp-15.1.0_20250607/xtensa-esp-elf/bin/../libexec/gcc/xtensa-esp-elf/15.1.0/lto-wrapper -plugin-opt=-fresolution=/tmp/cc9dt9qC.res -plugin-opt=-pass-through=-lgcc -plugin-opt=-pass-through=-lc -plugin-opt=-pass-through=-lnosys -plugin-opt=-pass-through=-lc -plugin-opt=-pass-through=-lgcc --sysroot=/home/vvuk/.espressif/tools/xtensa-esp-elf/esp-15.1.0_20250607/xtensa-esp-elf/bin/../xtensa-esp-elf --dynconfig=xtensa_esp32.so -o cmTC_4a964 -L/home/vvuk/.espressif/tools/xtensa-esp-elf/esp-15.1.0_20250607/xtensa-esp-elf/bin/../lib/gcc/xtensa-esp-elf/15.1.0/esp32 -L/home/vvuk/.espressif/tools/xtensa-esp-elf/esp-15.1.0_20250607/xtensa-esp-elf/bin/../lib/gcc/xtensa-esp-elf/15.1.0/../../../../xtensa-esp-elf/lib/esp32 -L/home/vvuk/.espressif/tools/xtensa-esp-elf/esp-15.1.0_20250607/xtensa-esp-elf/bin/../xtensa-esp-elf/lib/esp32 -L/home/vvuk/.espressif/tools/xtensa-esp-elf/esp-15.1.0_20250607/xtensa-esp-elf/bin/../lib/gcc/xtensa-esp-elf/15.1.0 -L/home/vvuk/.espressif/tools/xtensa-esp-elf/esp-15.1.0_20250607/xtensa-esp-elf/bin/../lib/gcc -L/home/vvuk/.espressif/tools/xtensa-esp-elf/esp-15.1.0_20250607/xtensa-esp-elf/bin/../lib/gcc/xtensa-esp-elf/15.1.0/../../../../xtensa-esp-elf/lib -L/home/vvuk/.espressif/tools/xtensa-esp-elf/esp-15.1.0_20250607/xtensa-esp-elf/bin/../xtensa-esp-elf/lib -L/home/vvuk/.espressif/tools/xtensa-esp-elf/esp-15.1.0_20250607/xtensa-esp-elf/bin/../xtensa-esp-elf/usr/lib CMakeFiles/cmTC_4a964.dir/CMakeCXXCompilerABI.cpp.obj -lstdc++ -lm -lgcc -lc -lnosys -lc -lgcc
/home/vvuk/.espressif/tools/xtensa-esp-elf/esp-15.1.0_20250607/xtensa-esp-elf/bin/../lib/gcc/xtensa-esp-elf/15.1.0/../../../../xtensa-esp-elf/bin/ld: warning: cannot find entry symbol _start; defaulting to 00400054
COLLECT_GCC_OPTIONS='-mdynconfig=xtensa_esp32.so' '-mlongcalls' '-Wno-frame-address' '-fno-builtin-memcpy' '-fno-builtin-memset' '-fno-builtin-bzero' '-nostartfiles' '-v' '-o' 'cmTC_4a964' '-dumpdir' 'cmTC_4a964.'



Parsed CXX implicit include dir info from above output: rv=done
  found start of include info
  found start of implicit include info
    add: [/home/vvuk/.espressif/tools/xtensa-esp-elf/esp-15.1.0_20250607/xtensa-esp-elf/bin/../lib/gcc/xtensa-esp-elf/15.1.0/../../../../xtensa-esp-elf/include/c++/15.1.0]
    add: [/home/vvuk/.espressif/tools/xtensa-esp-elf/esp-15.1.0_20250607/xtensa-esp-elf/bin/../lib/gcc/xtensa-esp-elf/15.1.0/../../../../xtensa-esp-elf/include/c++/15.1.0/xtensa-esp-elf/esp32]
    add: [/home/vvuk/.espressif/tools/xtensa-esp-elf/esp-15.1.0_20250607/xtensa-esp-elf/bin/../lib/gcc/xtensa-esp-elf/15.1.0/../../../../xtensa-esp-elf/include/c++/15.1.0/backward]
    add: [/home/vvuk/.espressif/tools/xtensa-esp-elf/esp-15.1.0_20250607/xtensa-esp-elf/bin/../lib/gcc/xtensa-esp-elf/15.1.0/include]
    add: [/home/vvuk/.espressif/tools/xtensa-esp-elf/esp-15.1.0_20250607/xtensa-esp-elf/bin/../lib/gcc/xtensa-esp-elf/15.1.0/include-fixed]
    add: [/home/vvuk/.espressif/tools/xtensa-esp-elf/esp-15.1.0_20250607/xtensa-esp-elf/bin/../lib/gcc/xtensa-esp-elf/15.1.0/../../../../xtensa-esp-elf/include]
  end of search list found
  collapse include dir [/home/vvuk/.espressif/tools/xtensa-esp-elf/esp-15.1.0_20250607/xtensa-esp-elf/bin/../lib/gcc/xtensa-esp-elf/15.1.0/../../../../xtensa-esp-elf/include/c++/15.1.0] ==> [/home/vvuk/.espressif/tools/xtensa-esp-elf/esp-15.1.0_20250607/xtensa-esp-elf/xtensa-esp-elf/include/c++/15.1.0]
  collapse include dir [/home/vvuk/.espressif/tools/xtensa-esp-elf/esp-15.1.0_20250607/xtensa-esp-elf/bin/../lib/gcc/xtensa-esp-elf/15.1.0/../../../../xtensa-esp-elf/include/c++/15.1.0/xtensa-esp-elf/esp32] ==> [/home/vvuk/.espressif/tools/xtensa-esp-elf/esp-15.1.0_20250607/xtensa-esp-elf/xtensa-esp-elf/include/c++/15.1.0/xtensa-esp-elf/esp32]
  collapse include dir [/home/vvuk/.espressif/tools/xtensa-esp-elf/esp-15.1.0_20250607/xtensa-esp-elf/bin/../lib/gcc/xtensa-esp-elf/15.1.0/../../../../xtensa-esp-elf/include/c++/15.1.0/backward] ==> [/home/vvuk/.espressif/tools/xtensa-esp-elf/esp-15.1.0_20250607/xtensa-esp-elf/xtensa-esp-elf/include/c++/15.1.0/backward]
  collapse include dir [/home/vvuk/.espressif/tools/xtensa-esp-elf/esp-15.1.0_20250607/xtensa-esp-elf/bin/../lib/gcc/xtensa-esp-elf/15.1.0/include] ==> [/home/vvuk/.espressif/tools/xtensa-esp-elf/esp-15.1.0_20250607/xtensa-esp-elf/lib/gcc/xtensa-esp-elf/15.1.0/include]
  collapse include dir [/home/vvuk/.espressif/tools/xtensa-esp-elf/esp-15.1.0_20250607/xtensa-esp-elf/bin/../lib/gcc/xtensa-esp-elf/15.1.0/include-fixed] ==> [/home/vvuk/.espressif/tools/xtensa-esp-elf/esp-15.1.0_20250607/xtensa-esp-elf/lib/gcc/xtensa-esp-elf/15.1.0/include-fixed]
  collapse include dir [/home/vvuk/.espressif/tools/xtensa-esp-elf/esp-15.1.0_20250607/xtensa-esp-elf/bin/../lib/gcc/xtensa-esp-elf/15.1.0/../../../../xtensa-esp-elf/include] ==> [/home/vvuk/.espressif/tools/xtensa-esp-elf/esp-15.1.0_20250607/xtensa-esp-elf/xtensa-esp-elf/include]
  implicit include dirs: [/home/vvuk/.espressif/tools/xtensa-esp-elf/esp-15.1.0_20250607/xtensa-esp-elf/xtensa-esp-elf/include/c++/15.1.0;/home/vvuk/.espressif/tools/xtensa-esp-elf/esp-15.1.0_20250607/xtensa-esp-elf/xtensa-esp-elf/include/c++/15.1.0/xtensa-esp-elf/esp32;/home/vvuk/.espressif/tools/xtensa-esp-elf/esp-15.1.0_20250607/xtensa-esp-elf/xtensa-esp-elf/include/c++/15.1.0/backward;/home/vvuk/.espressif/tools/xtensa-esp-elf/esp-15.1.0_20250607/xtensa-esp-elf/lib/gcc/xtensa-esp-elf/15.1.0/include;/home/vvuk/.espressif/tools/xtensa-esp-elf/esp-15.1.0_20250607/xtensa-esp-elf/lib/gcc/xtensa-esp-elf/15.1.0/include-fixed;/home/vvuk/.espressif/tools/xtensa-esp-elf/esp-15.1.0_20250607/xtensa-esp-elf/xtensa-esp-elf/include]


Parsed CXX implicit link information from above output:
  link line regex: [^( *|.*[/\])(xtensa-esp32-elf-ld|CMAKE_LINK_STARTFILE-NOTFOUND|([^/\]+-)?ld|collect2)[^/\]*( |$)]
  ignore line: [Change Dir: /home/vvuk/Workspace/EspPojects/face_detect_custom_t3/build/bootloader/CMakeFiles/CMakeTmp]
  ignore line: []
  ignore line: [Run Build Command(s):/usr/bin/ninja cmTC_4a964 && [1/2] Building CXX object CMakeFiles/cmTC_4a964.dir/CMakeCXXCompilerABI.cpp.obj]
  ignore line: [Using built-in specs.]
  ignore line: [COLLECT_GCC=/home/vvuk/.espressif/tools/xtensa-esp-elf/esp-15.1.0_20250607/xtensa-esp-elf/bin/xtensa-esp-elf-g++]
  ignore line: [Target: xtensa-esp-elf]
  ignore line: [Configured with: /builds/idf/crosstool-NG/.build/xtensa-esp-elf/src/gcc/configure --build=x86_64-build_pc-linux-gnu --host=x86_64-build_pc-linux-gnu --target=xtensa-esp-elf --prefix=/builds/idf/crosstool-NG/builds/xtensa-esp-elf --exec_prefix=/builds/idf/crosstool-NG/builds/xtensa-esp-elf --with-local-prefix=/builds/idf/crosstool-NG/builds/xtensa-esp-elf/xtensa-esp-elf --with-sysroot=/builds/idf/crosstool-NG/builds/xtensa-esp-elf/xtensa-esp-elf --with-native-system-header-dir=/include --with-headers=/builds/idf/crosstool-NG/builds/xtensa-esp-elf/xtensa-esp-elf/include --with-newlib --enable-threads=no --disable-shared --with-pkgversion='crosstool-NG esp-15.1.0_20250607' --disable-__cxa_atexit --enable-cxx-flags='-ffunction-sections -fdata-sections' --disable-libgomp --disable-libmudflap --disable-libmpx --disable-libssp --disable-libquadmath --disable-libquadmath-support --disable-libstdcxx-verbose --with-gmp=/builds/idf/crosstool-NG/.build/xtensa-esp-elf/buildtools --with-mpfr=/builds/idf/crosstool-NG/.build/xtensa-esp-elf/buildtools --with-mpc=/builds/idf/crosstool-NG/.build/xtensa-esp-elf/buildtools --with-isl=/builds/idf/crosstool-NG/.build/xtensa-esp-elf/buildtools --enable-lto --enable-target-optspace --without-long-double-128 --enable-plugin --disable-nls --enable-multiarch --enable-languages=c c++ --disable-libstdcxx-verbose --enable-threads=posix --enable-libstdcxx-time=yes --disable-win32-utf8-manifest]
  ignore line: [Thread model: posix]
  ignore line: [Supported LTO compression algorithms: zlib zstd]
  ignore line: [gcc version 15.1.0 (crosstool-NG esp-15.1.0_20250607) ]
  ignore line: [COLLECT_GCC_OPTIONS='-mdynconfig=xtensa_esp32.so' '-mlongcalls' '-Wno-frame-address' '-fno-builtin-memcpy' '-fno-builtin-memset' '-fno-builtin-bzero' '-v' '-o' 'CMakeFiles/cmTC_4a964.dir/CMakeCXXCompilerABI.cpp.obj' '-c' '-dumpdir' 'CMakeFiles/cmTC_4a964.dir/']
  ignore line: [ /home/vvuk/.espressif/tools/xtensa-esp-elf/esp-15.1.0_20250607/xtensa-esp-elf/bin/../libexec/gcc/xtensa-esp-elf/15.1.0/cc1plus -quiet -v -imultilib esp32 -iprefix /home/vvuk/.espressif/tools/xtensa-esp-elf/esp-15.1.0_20250607/xtensa-esp-elf/bin/../lib/gcc/xtensa-esp-elf/15.1.0/ -isysroot /home/vvuk/.espressif/tools/xtensa-esp-elf/esp-15.1.0_20250607/xtensa-esp-elf/bin/../xtensa-esp-elf /usr/share/cmake-3.16/Modules/CMakeCXXCompilerABI.cpp -quiet -dumpdir CMakeFiles/cmTC_4a964.dir/ -dumpbase CMakeCXXCompilerABI.cpp.cpp -dumpbase-ext .cpp -mdynconfig=xtensa_esp32.so -mlongcalls -Wno-frame-address -version -fno-builtin-memcpy -fno-builtin-memset -fno-builtin-bzero -o /tmp/cc58VFF0.s]
  ignore line: [GNU C++17 (crosstool-NG esp-15.1.0_20250607) version 15.1.0 (xtensa-esp-elf)]
  ignore line: [	compiled by GNU C version 6.3.0  GMP version 6.3.0  MPFR version 4.2.1  MPC version 1.3.1  isl version isl-0.26-GMP]
  ignore line: []
  ignore line: [GGC heuristics: --param ggc-min-expand=100 --param ggc-min-heapsize=131072]
  ignore line: [ignoring duplicate directory "/home/vvuk/.espressif/tools/xtensa-esp-elf/esp-15.1.0_20250607/xtensa-esp-elf/bin/../lib/gcc/../../lib/gcc/xtensa-esp-elf/15.1.0/../../../../xtensa-esp-elf/include/c++/15.1.0"]
  ignore line: [ignoring duplicate directory "/home/vvuk/.espressif/tools/xtensa-esp-elf/esp-15.1.0_20250607/xtensa-esp-elf/bin/../lib/gcc/../../lib/gcc/xtensa-esp-elf/15.1.0/../../../../xtensa-esp-elf/include/c++/15.1.0/xtensa-esp-elf/esp32"]
  ignore line: [ignoring duplicate directory "/home/vvuk/.espressif/tools/xtensa-esp-elf/esp-15.1.0_20250607/xtensa-esp-elf/bin/../lib/gcc/../../lib/gcc/xtensa-esp-elf/15.1.0/../../../../xtensa-esp-elf/include/c++/15.1.0/backward"]
  ignore line: [ignoring duplicate directory "/home/vvuk/.espressif/tools/xtensa-esp-elf/esp-15.1.0_20250607/xtensa-esp-elf/bin/../lib/gcc/../../lib/gcc/xtensa-esp-elf/15.1.0/include"]
  ignore line: [ignoring nonexistent directory "/home/vvuk/.espressif/tools/xtensa-esp-elf/esp-15.1.0_20250607/xtensa-esp-elf/bin/../xtensa-esp-elf/builds/idf/crosstool-NG/builds/xtensa-esp-elf/xtensa-esp-elf/include"]
  ignore line: [ignoring duplicate directory "/home/vvuk/.espressif/tools/xtensa-esp-elf/esp-15.1.0_20250607/xtensa-esp-elf/bin/../lib/gcc/../../lib/gcc/xtensa-esp-elf/15.1.0/include-fixed"]
  ignore line: [ignoring duplicate directory "/home/vvuk/.espressif/tools/xtensa-esp-elf/esp-15.1.0_20250607/xtensa-esp-elf/bin/../lib/gcc/../../lib/gcc/xtensa-esp-elf/15.1.0/../../../../xtensa-esp-elf/include"]
  ignore line: [ignoring duplicate directory "/home/vvuk/.espressif/tools/xtensa-esp-elf/esp-15.1.0_20250607/xtensa-esp-elf/bin/../xtensa-esp-elf/include"]
  ignore line: [#include "..." search starts here:]
  ignore line: [#include <...> search starts here:]
  ignore line: [ /home/vvuk/.espressif/tools/xtensa-esp-elf/esp-15.1.0_20250607/xtensa-esp-elf/bin/../lib/gcc/xtensa-esp-elf/15.1.0/../../../../xtensa-esp-elf/include/c++/15.1.0]
  ignore line: [ /home/vvuk/.espressif/tools/xtensa-esp-elf/esp-15.1.0_20250607/xtensa-esp-elf/bin/../lib/gcc/xtensa-esp-elf/15.1.0/../../../../xtensa-esp-elf/include/c++/15.1.0/xtensa-esp-elf/esp32]
  ignore line: [ /home/vvuk/.espressif/tools/xtensa-esp-elf/esp-15.1.0_20250607/xtensa-esp-elf/bin/../lib/gcc/xtensa-esp-elf/15.1.0/../../../../xtensa-esp-elf/include/c++/15.1.0/backward]
  ignore line: [ /home/vvuk/.espressif/tools/xtensa-esp-elf/esp-15.1.0_20250607/xtensa-esp-elf/bin/../lib/gcc/xtensa-esp-elf/15.1.0/include]
  ignore line: [ /home/vvuk/.espressif/tools/xtensa-esp-elf/esp-15.1.0_20250607/xtensa-esp-elf/bin/../lib/gcc/xtensa-esp-elf/15.1.0/include-fixed]
  ignore line: [ /home/vvuk/.espressif/tools/xtensa-esp-elf/esp-15.1.0_20250607/xtensa-esp-elf/bin/../lib/gcc/xtensa-esp-elf/15.1.0/../../../../xtensa-esp-elf/include]
  ignore line: [End of search list.]
  ignore line: [Compiler executable checksum: b46bbfed52bc55587dc25f5acedaf452]
  ignore line: [COLLECT_GCC_OPTIONS='-mdynconfig=xtensa_esp32.so' '-mlongcalls' '-Wno-frame-address' '-fno-builtin-memcpy' '-fno-builtin-memset' '-fno-builtin-bzero' '-v' '-o' 'CMakeFiles/cmTC_4a964.dir/CMakeCXXCompilerABI.cpp.obj' '-c' '-dumpdir' 'CMakeFiles/cmTC_4a964.dir/']
  ignore line: [ /home/vvuk/.espressif/tools/xtensa-esp-elf/esp-15.1.0_20250607/xtensa-esp-elf/bin/../lib/gcc/xtensa-esp-elf/15.1.0/../../../../xtensa-esp-elf/bin/as --traditional-format --longcalls --dynconfig=xtensa_esp32.so -o CMakeFiles/cmTC_4a964.dir/CMakeCXXCompilerABI.cpp.obj /tmp/cc58VFF0.s]
  ignore line: [COMPILER_PATH=/home/vvuk/.espressif/tools/xtensa-esp-elf/esp-15.1.0_20250607/xtensa-esp-elf/bin/../libexec/gcc/xtensa-esp-elf/15.1.0/:/home/vvuk/.espressif/tools/xtensa-esp-elf/esp-15.1.0_20250607/xtensa-esp-elf/bin/../libexec/gcc/:/home/vvuk/.espressif/tools/xtensa-esp-elf/esp-15.1.0_20250607/xtensa-esp-elf/bin/../lib/gcc/xtensa-esp-elf/15.1.0/../../../../xtensa-esp-elf/bin/]
  ignore line: [LIBRARY_PATH=/home/vvuk/.espressif/tools/xtensa-esp-elf/esp-15.1.0_20250607/xtensa-esp-elf/bin/../lib/gcc/xtensa-esp-elf/15.1.0/esp32/:/home/vvuk/.espressif/tools/xtensa-esp-elf/esp-15.1.0_20250607/xtensa-esp-elf/bin/../lib/gcc/xtensa-esp-elf/15.1.0/../../../../xtensa-esp-elf/lib/esp32/:/home/vvuk/.espressif/tools/xtensa-esp-elf/esp-15.1.0_20250607/xtensa-esp-elf/bin/../xtensa-esp-elf/lib/esp32/:/home/vvuk/.espressif/tools/xtensa-esp-elf/esp-15.1.0_20250607/xtensa-esp-elf/bin/../lib/gcc/xtensa-esp-elf/15.1.0/:/home/vvuk/.espressif/tools/xtensa-esp-elf/esp-15.1.0_20250607/xtensa-esp-elf/bin/../lib/gcc/:/home/vvuk/.espressif/tools/xtensa-esp-elf/esp-15.1.0_20250607/xtensa-esp-elf/bin/../lib/gcc/xtensa-esp-elf/15.1.0/../../../../xtensa-esp-elf/lib/:/home/vvuk/.espressif/tools/xtensa-esp-elf/esp-15.1.0_20250607/xtensa-esp-elf/bin/../xtensa-esp-elf/lib/:/home/vvuk/.espressif/tools/xtensa-esp-elf/esp-15.1.0_20250607/xtensa-esp-elf/bin/../xtensa-esp-elf/usr/lib/]
  ignore line: [COLLECT_GCC_OPTIONS='-mdynconfig=xtensa_esp32.so' '-mlongcalls' '-Wno-frame-address' '-fno-builtin-memcpy' '-fno-builtin-memset' '-fno-builtin-bzero' '-v' '-o' 'CMakeFiles/cmTC_4a964.dir/CMakeCXXCompilerABI.cpp.obj' '-c' '-dumpdir' 'CMakeFiles/cmTC_4a964.dir/CMakeCXXCompilerABI.cpp.']
  ignore line: [[2/2] Linking CXX executable cmTC_4a964]
  ignore line: [Using built-in specs.]
  ignore line: [COLLECT_GCC=/home/vvuk/.espressif/tools/xtensa-esp-elf/esp-15.1.0_20250607/xtensa-esp-elf/bin/xtensa-esp-elf-g++]
  ignore line: [COLLECT_LTO_WRAPPER=/home/vvuk/.espressif/tools/xtensa-esp-elf/esp-15.1.0_20250607/xtensa-esp-elf/bin/../libexec/gcc/xtensa-esp-elf/15.1.0/lto-wrapper]
  ignore line: [Target: xtensa-esp-elf]
  ignore line: [Configured with: /builds/idf/crosstool-NG/.build/xtensa-esp-elf/src/gcc/configure --build=x86_64-build_pc-linux-gnu --host=x86_64-build_pc-linux-gnu --target=xtensa-esp-elf --prefix=/builds/idf/crosstool-NG/builds/xtensa-esp-elf --exec_prefix=/builds/idf/crosstool-NG/builds/xtensa-esp-elf --with-local-prefix=/builds/idf/crosstool-NG/builds/xtensa-esp-elf/xtensa-esp-elf --with-sysroot=/builds/idf/crosstool-NG/builds/xtensa-esp-elf/xtensa-esp-elf --with-native-system-header-dir=/include --with-headers=/builds/idf/crosstool-NG/builds/xtensa-esp-elf/xtensa-esp-elf/include --with-newlib --enable-threads=no --disable-shared --with-pkgversion='crosstool-NG esp-15.1.0_20250607' --disable-__cxa_atexit --enable-cxx-flags='-ffunction-sections -fdata-sections' --disable-libgomp --disable-libmudflap --disable-libmpx --disable-libssp --disable-libquadmath --disable-libquadmath-support --disable-libstdcxx-verbose --with-gmp=/builds/idf/crosstool-NG/.build/xtensa-esp-elf/buildtools --with-mpfr=/builds/idf/crosstool-NG/.build/xtensa-esp-elf/buildtools --with-mpc=/builds/idf/crosstool-NG/.build/xtensa-esp-elf/buildtools --with-isl=/builds/idf/crosstool-NG/.build/xtensa-esp-elf/buildtools --enable-lto --enable-target-optspace --without-long-double-128 --enable-plugin --disable-nls --enable-multiarch --enable-languages=c c++ --disable-libstdcxx-verbose --enable-threads=posix --enable-libstdcxx-time=yes --disable-win32-utf8-manifest]
  ignore line: [Thread model: posix]
  ignore line: [Supported LTO compression algorithms: zlib zstd]
  ignore line: [gcc version 15.1.0 (crosstool-NG esp-15.1.0_20250607) ]
  ignore line: [COMPILER_PATH=/home/vvuk/.espressif/tools/xtensa-esp-elf/esp-15.1.0_20250607/xtensa-esp-elf/bin/../libexec/gcc/xtensa-esp-elf/15.1.0/:/home/vvuk/.espressif/tools/xtensa-esp-elf/esp-15.1.0_20250607/xtensa-esp-elf/bin/../libexec/gcc/:/home/vvuk/.espressif/tools/xtensa-esp-elf/esp-15.1.0_20250607/xtensa-esp-elf/bin/../lib/gcc/xtensa-esp-elf/15.1.0/../../../../xtensa-esp-elf/bin/]
  ignore line: [LIBRARY_PATH=/home/vvuk/.espressif/tools/xtensa-esp-elf/esp-15.1.0_20250607/xtensa-esp-elf/bin/../lib/gcc/xtensa-esp-elf/15.1.0/esp32/:/home/vvuk/.espressif/tools/xtensa-esp-elf/esp-15.1.0_20250607/xtensa-esp-elf/bin/../lib/gcc/xtensa-esp-elf/15.1.0/../../../../xtensa-esp-elf/lib/esp32/:/home/vvuk/.espressif/tools/xtensa-esp-elf/esp-15.1.0_20250607/xtensa-esp-elf/bin/../xtensa-esp-elf/lib/esp32/:/home/vvuk/.espressif/tools/xtensa-esp-elf/esp-15.1.0_20250607/xtensa-esp-elf/bin/../lib/gcc/xtensa-esp-elf/15.1.0/:/home/vvuk/.espressif/tools/xtensa-esp-elf/esp-15.1.0_20250607/xtensa-esp-elf/bin/../lib/gcc/:/home/vvuk/.espressif/tools/xtensa-esp-elf/esp-15.1.0_20250607/xtensa-esp-elf/bin/../lib/gcc/xtensa-esp-elf/15.1.0/../../../../xtensa-esp-elf/lib/:/home/vvuk/.espressif/tools/xtensa-esp-elf/esp-15.1.0_20250607/xtensa-esp-elf/bin/../xtensa-esp-elf/lib/:/home/vvuk/.espressif/tools/xtensa-esp-elf/esp-15.1.0_20250607/xtensa-esp-elf/bin/../xtensa-esp-elf/usr/lib/]
  ignore line: [COLLECT_GCC_OPTIONS='-mdynconfig=xtensa_esp32.so' '-mlongcalls' '-Wno-frame-address' '-fno-builtin-memcpy' '-fno-builtin-memset' '-fno-builtin-bzero' '-nostartfiles' '-v' '-o' 'cmTC_4a964' '-dumpdir' 'cmTC_4a964.']
  link line: [ /home/vvuk/.espressif/tools/xtensa-esp-elf/esp-15.1.0_20250607/xtensa-esp-elf/bin/../libexec/gcc/xtensa-esp-elf/15.1.0/collect2 -plugin /home/vvuk/.espressif/tools/xtensa-esp-elf/esp-15.1.0_20250607/xtensa-esp-elf/bin/../libexec/gcc/xtensa-esp-elf/15.1.0/liblto_plugin.so -plugin-opt=/home/vvuk/.espressif/tools/xtensa-esp-elf/esp-15.1.0_20250607/xtensa-esp-elf/bin/../libexec/gcc/xtensa-esp-elf/15.1.0/lto-wrapper -plugin-opt=-fresolution=/tmp/cc9dt9qC.res -plugin-opt=-pass-through=-lgcc -plugin-opt=-pass-through=-lc -plugin-opt=-pass-through=-lnosys -plugin-opt=-pass-through=-lc -plugin-opt=-pass-through=-lgcc --sysroot=/home/vvuk/.espressif/tools/xtensa-esp-elf/esp-15.1.0_20250607/xtensa-esp-elf/bin/../xtensa-esp-elf --dynconfig=xtensa_esp32.so -o cmTC_4a964 -L/home/vvuk/.espressif/tools/xtensa-esp-elf/esp-15.1.0_20250607/xtensa-esp-elf/bin/../lib/gcc/xtensa-esp-elf/15.1.0/esp32 -L/home/vvuk/.espressif/tools/xtensa-esp-elf/esp-15.1.0_20250607/xtensa-esp-elf/bin/../lib/gcc/xtensa-esp-elf/15.1.0/../../../../xtensa-esp-elf/lib/esp32 -L/home/vvuk/.espressif/tools/xtensa-esp-elf/esp-15.1.0_20250607/xtensa-esp-elf/bin/../xtensa-esp-elf/lib/esp32 -L/home/vvuk/.espressif/tools/xtensa-esp-elf/esp-15.1.0_20250607/xtensa-esp-elf/bin/../lib/gcc/xtensa-esp-elf/15.1.0 -L/home/vvuk/.espressif/tools/xtensa-esp-elf/esp-15.1.0_20250607/xtensa-esp-elf/bin/../lib/gcc -L/home/vvuk/.espressif/tools/xtensa-esp-elf/esp-15.1.0_20250607/xtensa-esp-elf/bin/../lib/gcc/xtensa-esp-elf/15.1.0/../../../../xtensa-esp-elf/lib -L/home/vvuk/.espressif/tools/xtensa-esp-elf/esp-15.1.0_20250607/xtensa-esp-elf/bin/../xtensa-esp-elf/lib -L/home/vvuk/.espressif/tools/xtensa-esp-elf/esp-15.1.0_20250607/xtensa-esp-elf/bin/../xtensa-esp-elf/usr/lib CMakeFiles/cmTC_4a964.dir/CMakeCXXCompilerABI.cpp.obj -lstdc++ -lm -lgcc -lc -lnosys -lc -lgcc]
    arg [/home/vvuk/.espressif/tools/xtensa-esp-elf/esp-15.1.0_20250607/xtensa-esp-elf/bin/../libexec/gcc/xtensa-esp-elf/15.1.0/collect2] ==> ignore
    arg [-plugin] ==> ignore
    arg [/home/vvuk/.espressif/tools/xtensa-esp-elf/esp-15.1.0_20250607/xtensa-esp-elf/bin/../libexec/gcc/xtensa-esp-elf/15.1.0/liblto_plugin.so] ==> ignore
    arg [-plugin-opt=/home/vvuk/.espressif/tools/xtensa-esp-elf/esp-15.1.0_20250607/xtensa-esp-elf/bin/../libexec/gcc/xtensa-esp-elf/15.1.0/lto-wrapper] ==> ignore
    arg [-plugin-opt=-fresolution=/tmp/cc9dt9qC.res] ==> ignore
    arg [-plugin-opt=-pass-through=-lgcc] ==> ignore
    arg [-plugin-opt=-pass-through=-lc] ==> ignore
    arg [-plugin-opt=-pass-through=-lnosys] ==> ignore
    arg [-plugin-opt=-pass-through=-lc] ==> ignore
    arg [-plugin-opt=-pass-through=-lgcc] ==> ignore
    arg [--sysroot=/home/vvuk/.espressif/tools/xtensa-esp-elf/esp-15.1.0_20250607/xtensa-esp-elf/bin/../xtensa-esp-elf] ==> ignore
    arg [--dynconfig=xtensa_esp32.so] ==> ignore
    arg [-o] ==> ignore
    arg [cmTC_4a964] ==> ignore
    arg [-L/home/vvuk/.espressif/tools/xtensa-esp-elf/esp-15.1.0_20250607/xtensa-esp-elf/bin/../lib/gcc/xtensa-esp-elf/15.1.0/esp32] ==> dir [/home/vvuk/.espressif/tools/xtensa-esp-elf/esp-15.1.0_20250607/xtensa-esp-elf/bin/../lib/gcc/xtensa-esp-elf/15.1.0/esp32]
    arg [-L/home/vvuk/.espressif/tools/xtensa-esp-elf/esp-15.1.0_20250607/xtensa-esp-elf/bin/../lib/gcc/xtensa-esp-elf/15.1.0/../../../../xtensa-esp-elf/lib/esp32] ==> dir [/home/vvuk/.espressif/tools/xtensa-esp-elf/esp-15.1.0_20250607/xtensa-esp-elf/bin/../lib/gcc/xtensa-esp-elf/15.1.0/../../../../xtensa-esp-elf/lib/esp32]
    arg [-L/home/vvuk/.espressif/tools/xtensa-esp-elf/esp-15.1.0_20250607/xtensa-esp-elf/bin/../xtensa-esp-elf/lib/esp32] ==> dir [/home/vvuk/.espressif/tools/xtensa-esp-elf/esp-15.1.0_20250607/xtensa-esp-elf/bin/../xtensa-esp-elf/lib/esp32]
    arg [-L/home/vvuk/.espressif/tools/xtensa-esp-elf/esp-15.1.0_20250607/xtensa-esp-elf/bin/../lib/gcc/xtensa-esp-elf/15.1.0] ==> dir [/home/vvuk/.espressif/tools/xtensa-esp-elf/esp-15.1.0_20250607/xtensa-esp-elf/bin/../lib/gcc/xtensa-esp-elf/15.1.0]
    arg [-L/home/vvuk/.espressif/tools/xtensa-esp-elf/esp-15.1.0_20250607/xtensa-esp-elf/bin/../lib/gcc] ==> dir [/home/vvuk/.espressif/tools/xtensa-esp-elf/esp-15.1.0_20250607/xtensa-esp-elf/bin/../lib/gcc]
    arg [-L/home/vvuk/.espressif/tools/xtensa-esp-elf/esp-15.1.0_20250607/xtensa-esp-elf/bin/../lib/gcc/xtensa-esp-elf/15.1.0/../../../../xtensa-esp-elf/lib] ==> dir [/home/vvuk/.espressif/tools/xtensa-esp-elf/esp-15.1.0_20250607/xtensa-esp-elf/bin/../lib/gcc/xtensa-esp-elf/15.1.0/../../../../xtensa-esp-elf/lib]
    arg [-L/home/vvuk/.espressif/tools/xtensa-esp-elf/esp-15.1.0_20250607/xtensa-esp-elf/bin/../xtensa-esp-elf/lib] ==> dir [/home/vvuk/.espressif/tools/xtensa-esp-elf/esp-15.1.0_20250607/xtensa-esp-elf/bin/../xtensa-esp-elf/lib]
    arg [-L/home/vvuk/.espressif/tools/xtensa-esp-elf/esp-15.1.0_20250607/xtensa-esp-elf/bin/../xtensa-esp-elf/usr/lib] ==> dir [/home/vvuk/.espressif/tools/xtensa-esp-elf/esp-15.1.0_20250607/xtensa-esp-elf/bin/../xtensa-esp-elf/usr/lib]
    arg [CMakeFiles/cmTC_4a964.dir/CMakeCXXCompilerABI.cpp.obj] ==> ignore
    arg [-lstdc++] ==> lib [stdc++]
    arg [-lm] ==> lib [m]
    arg [-lgcc] ==> lib [gcc]
    arg [-lc] ==> lib [c]
    arg [-lnosys] ==> lib [nosys]
    arg [-lc] ==> lib [c]
    arg [-lgcc] ==> lib [gcc]
  collapse library dir [/home/vvuk/.espressif/tools/xtensa-esp-elf/esp-15.1.0_20250607/xtensa-esp-elf/bin/../lib/gcc/xtensa-esp-elf/15.1.0/esp32] ==> [/home/vvuk/.espressif/tools/xtensa-esp-elf/esp-15.1.0_20250607/xtensa-esp-elf/lib/gcc/xtensa-esp-elf/15.1.0/esp32]
  collapse library dir [/home/vvuk/.espressif/tools/xtensa-esp-elf/esp-15.1.0_20250607/xtensa-esp-elf/bin/../lib/gcc/xtensa-esp-elf/15.1.0/../../../../xtensa-esp-elf/lib/esp32] ==> [/home/vvuk/.espressif/tools/xtensa-esp-elf/esp-15.1.0_20250607/xtensa-esp-elf/xtensa-esp-elf/lib/esp32]
  collapse library dir [/home/vvuk/.espressif/tools/xtensa-esp-elf/esp-15.1.0_20250607/xtensa-esp-elf/bin/../xtensa-esp-elf/lib/esp32] ==> [/home/vvuk/.espressif/tools/xtensa-esp-elf/esp-15.1.0_20250607/xtensa-esp-elf/xtensa-esp-elf/lib/esp32]
  collapse library dir [/home/vvuk/.espressif/tools/xtensa-esp-elf/esp-15.1.0_20250607/xtensa-esp-elf/bin/../lib/gcc/xtensa-esp-elf/15.1.0] ==> [/home/vvuk/.espressif/tools/xtensa-esp-elf/esp-15.1.0_20250607/xtensa-esp-elf/lib/gcc/xtensa-esp-elf/15.1.0]
  collapse library dir [/home/vvuk/.espressif/tools/xtensa-esp-elf/esp-15.1.0_20250607/xtensa-esp-elf/bin/../lib/gcc] ==> [/home/vvuk/.espressif/tools/xtensa-esp-elf/esp-15.1.0_20250607/xtensa-esp-elf/lib/gcc]
  collapse library dir [/home/vvuk/.espressif/tools/xtensa-esp-elf/esp-15.1.0_20250607/xtensa-esp-elf/bin/../lib/gcc/xtensa-esp-elf/15.1.0/../../../../xtensa-esp-elf/lib] ==> [/home/vvuk/.espressif/tools/xtensa-esp-elf/esp-15.1.0_20250607/xtensa-esp-elf/xtensa-esp-elf/lib]
  collapse library dir [/home/vvuk/.espressif/tools/xtensa-esp-elf/esp-15.1.0_20250607/xtensa-esp-elf/bin/../xtensa-esp-elf/lib] ==> [/home/vvuk/.espressif/tools/xtensa-esp-elf/esp-15.1.0_20250607/xtensa-esp-elf/xtensa-esp-elf/lib]
  collapse library dir [/home/vvuk/.espressif/tools/xtensa-esp-elf/esp-15.1.0_20250607/xtensa-esp-elf/bin/../xtensa-esp-elf/usr/lib] ==> [/home/vvuk/.espressif/tools/xtensa-esp-elf/esp-15.1.0_20250607/xtensa-esp-elf/xtensa-esp-elf/usr/lib]
  implicit libs: [stdc++;m;gcc;c;nosys;c;gcc]
  implicit dirs: [/home/vvuk/.espressif/tools/xtensa-esp-elf/esp-15.1.0_20250607/xtensa-esp-elf/lib/gcc/xtensa-esp-elf/15.1.0/esp32;/home/vvuk/.espressif/tools/xtensa-esp-elf/esp-15.1.0_20250607/xtensa-esp-elf/xtensa-esp-elf/lib/esp32;/home/vvuk/.espressif/tools/xtensa-esp-elf/esp-15.1.0_20250607/xtensa-esp-elf/lib/gcc/xtensa-esp-elf/15.1.0;/home/vvuk/.espressif/tools/xtensa-esp-elf/esp-15.1.0_20250607/xtensa-esp-elf/lib/gcc;/home/vvuk/.espressif/tools/xtensa-esp-elf/esp-15.1.0_20250607/xtensa-esp-elf/xtensa-esp-elf/lib;/home/vvuk/.espressif/tools/xtensa-esp-elf/esp-15.1.0_20250607/xtensa-esp-elf/xtensa-esp-elf/usr/lib]
  implicit fwks: []


